#
# There is insufficient memory for the Java Runtime Environment to continue.
# Native memory allocation (malloc) failed to allocate 32744 bytes for ChunkPool::allocate
# Possible reasons:
#   The system is out of physical RAM or swap space
#   In 32 bit mode, the process size limit was hit
# Possible solutions:
#   Reduce memory load on the system
#   Increase physical memory or swap space
#   Check if swap backing store is full
#   Use 64 bit Java on a 64 bit OS
#   Decrease Java heap size (-Xmx/-Xms)
#   Decrease number of Java threads
#   Decrease Java thread stack sizes (-Xss)
#   Set larger code cache with -XX:ReservedCodeCacheSize=
# This output file may be truncated or incomplete.
#
#  Out of Memory Error (allocation.cpp:273), pid=8324, tid=10264
#
# JRE version: Java(TM) SE Runtime Environment (8.0_74-b02) (build 1.8.0_74-b02)
# Java VM: Java HotSpot(TM) 64-Bit Server VM (25.74-b02 mixed mode windows-amd64 compressed oops)
# Failed to write core dump. Minidumps are not enabled by default on client versions of Windows
#

---------------  T H R E A D  ---------------

Current thread (0x0000000016e62000):  JavaThread "C1 CompilerThread2" daemon [_thread_in_native, id=10264, stack(0x0000000017cf0000,0x0000000017df0000)]

Stack: [0x0000000017cf0000,0x0000000017df0000]
[error occurred during error reporting (printing stack bounds), id 0xc0000005]

Native frames: (J=compiled Java code, j=interpreted, Vv=VM code, C=native code)


Current CompileTask:
C1:   6982 4060       1       org.springframework.asm.ClassReader::readCode (5085 bytes)


---------------  P R O C E S S  ---------------

Java Threads: ( => current thread )
  0x0000000019cde000 JavaThread "container-0" [_thread_blocked, id=10480, stack(0x000000001b840000,0x000000001b940000)]
  0x0000000016a2f800 JavaThread "Catalina-utility-2" [_thread_blocked, id=10476, stack(0x000000001b6b0000,0x000000001b7b0000)]
  0x0000000016a2f000 JavaThread "Catalina-utility-1" [_thread_blocked, id=10472, stack(0x000000001b580000,0x000000001b680000)]
  0x0000000019ab7800 JavaThread "ForkJoinPool.commonPool-worker-3" daemon [_thread_blocked, id=10444, stack(0x000000001ac00000,0x000000001ad00000)]
  0x0000000019ab6800 JavaThread "ForkJoinPool.commonPool-worker-2" daemon [_thread_blocked, id=10440, stack(0x0000000018340000,0x0000000018440000)]
  0x0000000019a4e800 JavaThread "ForkJoinPool.commonPool-worker-1" daemon [_thread_blocked, id=10436, stack(0x00000000184e0000,0x00000000185e0000)]
  0x0000000017302000 JavaThread "RMI Scheduler(0)" daemon [_thread_blocked, id=10320, stack(0x0000000018a50000,0x0000000018b50000)]
  0x0000000017284000 JavaThread "RMI TCP Connection(1)-192.168.60.33" daemon [_thread_in_native, id=10316, stack(0x0000000018940000,0x0000000018a40000)]
  0x000000001701f800 JavaThread "RMI TCP Accept-0" daemon [_thread_in_native, id=10276, stack(0x0000000017bc0000,0x0000000017cc0000)]
  0x0000000016f09800 JavaThread "Service Thread" daemon [_thread_blocked, id=10268, stack(0x0000000017e50000,0x0000000017f50000)]
=>0x0000000016e62000 JavaThread "C1 CompilerThread2" daemon [_thread_in_native, id=10264, stack(0x0000000017cf0000,0x0000000017df0000)]
  0x0000000016e5f800 JavaThread "C2 CompilerThread1" daemon [_thread_blocked, id=10260, stack(0x0000000017aa0000,0x0000000017ba0000)]
  0x0000000016e5e800 JavaThread "C2 CompilerThread0" daemon [_thread_blocked, id=10256, stack(0x0000000017880000,0x0000000017980000)]
  0x0000000016e5c000 JavaThread "Monitor Ctrl-Break" daemon [_thread_in_native, id=10252, stack(0x0000000017690000,0x0000000017790000)]
  0x000000001678b000 JavaThread "Attach Listener" daemon [_thread_blocked, id=10244, stack(0x00000000162e0000,0x00000000163e0000)]
  0x00000000153f2000 JavaThread "Signal Dispatcher" daemon [_thread_blocked, id=8864, stack(0x0000000016ca0000,0x0000000016da0000)]
  0x00000000153de800 JavaThread "Finalizer" daemon [_thread_blocked, id=9280, stack(0x0000000016680000,0x0000000016780000)]
  0x0000000015397800 JavaThread "Reference Handler" daemon [_thread_blocked, id=9960, stack(0x00000000126e0000,0x00000000127e0000)]
  0x000000000261d800 JavaThread "main" [_thread_in_Java, id=8056, stack(0x0000000002890000,0x0000000002990000)]

Other Threads:
  0x0000000015390000 VMThread [stack: 0x0000000016490000,0x0000000016590000] [id=10024]
  0x0000000017067000 WatcherThread [stack: 0x0000000018610000,0x0000000018710000] [id=10280]

VM state:not at safepoint (normal execution)

VM Mutex/Monitor currently owned by a thread: None

Heap:
 PSYoungGen      total 153600K, used 43896K [0x00000000eb400000, 0x00000000f6600000, 0x0000000100000000)
  eden space 143360K, 24% used [0x00000000eb400000,0x00000000ed6d89e0,0x00000000f4000000)
  from space 10240K, 80% used [0x00000000f4a80000,0x00000000f5285980,0x00000000f5480000)
  to   space 10752K, 0% used [0x00000000f4000000,0x00000000f4000000,0x00000000f4a80000)
 ParOldGen       total 56320K, used 17253K [0x00000000c1c00000, 0x00000000c5300000, 0x00000000eb400000)
  object space 56320K, 30% used [0x00000000c1c00000,0x00000000c2cd95c0,0x00000000c5300000)
 Metaspace       used 40352K, capacity 42844K, committed 43008K, reserved 1087488K
  class space    used 5366K, capacity 5862K, committed 5888K, reserved 1048576K

Card table byte_map: [0x0000000011f10000,0x0000000012110000] byte_map_base: 0x0000000011902000

Marking Bits: (ParMarkBitMap*) 0x0000000052fc0600
 Begin Bits: [0x00000000128e0000, 0x0000000013870000)
 End Bits:   [0x0000000013870000, 0x0000000014800000)

Polling page: 0x0000000000230000

CodeCache: size=245760Kb used=7926Kb max_used=7926Kb free=237833Kb
 bounds [0x0000000002b50000, 0x0000000003310000, 0x0000000011b50000]
 total_blobs=4550 nmethods=4059 adapters=402
 compilation: enabled

Compilation events (10 events):
Event: 6.969 Thread 0x0000000016e62000 nmethod 4055 0x000000000330c4d0 code [0x000000000330c620, 0x000000000330c768]
Event: 6.969 Thread 0x0000000016e62000 4056       1       org.springframework.asm.ClassReader::readLabel (34 bytes)
Event: 6.969 Thread 0x0000000016e62000 nmethod 4056 0x000000000330c7d0 code [0x000000000330c940, 0x000000000330cbb0]
Event: 6.969 Thread 0x0000000016e62000 4057       1       org.springframework.core.LocalVariableTableParameterNameDiscoverer$LocalVariableTableVisitor::visitLocalVariable (45 bytes)
Event: 6.969 Thread 0x0000000016e62000 nmethod 4057 0x000000000330ccd0 code [0x000000000330ce40, 0x000000000330d030]
Event: 6.969 Thread 0x0000000016e62000 4059       1       org.springframework.asm.ClassReader::readShort (27 bytes)
Event: 6.969 Thread 0x0000000016e62000 nmethod 4059 0x000000000330d1d0 code [0x000000000330d320, 0x000000000330d490]
Event: 6.969 Thread 0x0000000016e62000 4058       1       org.springframework.asm.ClassReader::createLabel (21 bytes)
Event: 6.970 Thread 0x0000000016e62000 nmethod 4058 0x000000000330d590 code [0x000000000330d700, 0x000000000330d990]
Event: 6.970 Thread 0x0000000016e62000 4060       1       org.springframework.asm.ClassReader::readCode (5085 bytes)

GC Heap History (10 events):
Event: 3.149 GC heap before
{Heap before GC invocations=8 (full 1):
 PSYoungGen      total 72192K, used 3920K [0x00000000eb400000, 0x00000000f4100000, 0x0000000100000000)
  eden space 65024K, 0% used [0x00000000eb400000,0x00000000eb400000,0x00000000ef380000)
  from space 7168K, 54% used [0x00000000ef380000,0x00000000ef754208,0x00000000efa80000)
  to   space 7168K, 0% used [0x00000000f3a00000,0x00000000f3a00000,0x00000000f4100000)
 ParOldGen       total 44032K, used 10558K [0x00000000c1c00000, 0x00000000c4700000, 0x00000000eb400000)
  object space 44032K, 23% used [0x00000000c1c00000,0x00000000c264faf0,0x00000000c4700000)
 Metaspace       used 20245K, capacity 21134K, committed 21296K, reserved 1067008K
  class space    used 2615K, capacity 2845K, committed 2944K, reserved 1048576K
Event: 3.201 GC heap after
Heap after GC invocations=8 (full 1):
 PSYoungGen      total 72192K, used 0K [0x00000000eb400000, 0x00000000f4100000, 0x0000000100000000)
  eden space 65024K, 0% used [0x00000000eb400000,0x00000000eb400000,0x00000000ef380000)
  from space 7168K, 0% used [0x00000000ef380000,0x00000000ef380000,0x00000000efa80000)
  to   space 7168K, 0% used [0x00000000f3a00000,0x00000000f3a00000,0x00000000f4100000)
 ParOldGen       total 36864K, used 11164K [0x00000000c1c00000, 0x00000000c4000000, 0x00000000eb400000)
  object space 36864K, 30% used [0x00000000c1c00000,0x00000000c26e7210,0x00000000c4000000)
 Metaspace       used 20245K, capacity 21134K, committed 21296K, reserved 1067008K
  class space    used 2615K, capacity 2845K, committed 2944K, reserved 1048576K
}
Event: 3.949 GC heap before
{Heap before GC invocations=9 (full 1):
 PSYoungGen      total 72192K, used 65024K [0x00000000eb400000, 0x00000000f4100000, 0x0000000100000000)
  eden space 65024K, 100% used [0x00000000eb400000,0x00000000ef380000,0x00000000ef380000)
  from space 7168K, 0% used [0x00000000ef380000,0x00000000ef380000,0x00000000efa80000)
  to   space 7168K, 0% used [0x00000000f3a00000,0x00000000f3a00000,0x00000000f4100000)
 ParOldGen       total 36864K, used 11164K [0x00000000c1c00000, 0x00000000c4000000, 0x00000000eb400000)
  object space 36864K, 30% used [0x00000000c1c00000,0x00000000c26e7210,0x00000000c4000000)
 Metaspace       used 23945K, capacity 25060K, committed 25216K, reserved 1071104K
  class space    used 3173K, capacity 3416K, committed 3456K, reserved 1048576K
Event: 3.957 GC heap after
Heap after GC invocations=9 (full 1):
 PSYoungGen      total 112640K, used 6341K [0x00000000eb400000, 0x00000000f4080000, 0x0000000100000000)
  eden space 105984K, 0% used [0x00000000eb400000,0x00000000eb400000,0x00000000f1b80000)
  from space 6656K, 95% used [0x00000000f3a00000,0x00000000f40315d0,0x00000000f4080000)
  to   space 7680K, 0% used [0x00000000f3180000,0x00000000f3180000,0x00000000f3900000)
 ParOldGen       total 36864K, used 11172K [0x00000000c1c00000, 0x00000000c4000000, 0x00000000eb400000)
  object space 36864K, 30% used [0x00000000c1c00000,0x00000000c26e9210,0x00000000c4000000)
 Metaspace       used 23945K, capacity 25060K, committed 25216K, reserved 1071104K
  class space    used 3173K, capacity 3416K, committed 3456K, reserved 1048576K
}
Event: 5.438 GC heap before
{Heap before GC invocations=10 (full 1):
 PSYoungGen      total 112640K, used 112325K [0x00000000eb400000, 0x00000000f4080000, 0x0000000100000000)
  eden space 105984K, 100% used [0x00000000eb400000,0x00000000f1b80000,0x00000000f1b80000)
  from space 6656K, 95% used [0x00000000f3a00000,0x00000000f40315d0,0x00000000f4080000)
  to   space 7680K, 0% used [0x00000000f3180000,0x00000000f3180000,0x00000000f3900000)
 ParOldGen       total 36864K, used 11172K [0x00000000c1c00000, 0x00000000c4000000, 0x00000000eb400000)
  object space 36864K, 30% used [0x00000000c1c00000,0x00000000c26e9210,0x00000000c4000000)
 Metaspace       used 33532K, capacity 35378K, committed 35496K, reserved 1079296K
  class space    used 4439K, capacity 4807K, committed 4864K, reserved 1048576K
Event: 5.456 GC heap after
Heap after GC invocations=10 (full 1):
 PSYoungGen      total 136192K, used 7649K [0x00000000eb400000, 0x00000000f5480000, 0x0000000100000000)
  eden space 128512K, 0% used [0x00000000eb400000,0x00000000eb400000,0x00000000f3180000)
  from space 7680K, 99% used [0x00000000f3180000,0x00000000f38f8448,0x00000000f3900000)
  to   space 10240K, 0% used [0x00000000f4a80000,0x00000000f4a80000,0x00000000f5480000)
 ParOldGen       total 36864K, used 15625K [0x00000000c1c00000, 0x00000000c4000000, 0x00000000eb400000)
  object space 36864K, 42% used [0x00000000c1c00000,0x00000000c2b42728,0x00000000c4000000)
 Metaspace       used 33532K, capacity 35378K, committed 35496K, reserved 1079296K
  class space    used 4439K, capacity 4807K, committed 4864K, reserved 1048576K
}
Event: 5.456 GC heap before
{Heap before GC invocations=11 (full 2):
 PSYoungGen      total 136192K, used 7649K [0x00000000eb400000, 0x00000000f5480000, 0x0000000100000000)
  eden space 128512K, 0% used [0x00000000eb400000,0x00000000eb400000,0x00000000f3180000)
  from space 7680K, 99% used [0x00000000f3180000,0x00000000f38f8448,0x00000000f3900000)
  to   space 10240K, 0% used [0x00000000f4a80000,0x00000000f4a80000,0x00000000f5480000)
 ParOldGen       total 36864K, used 15625K [0x00000000c1c00000, 0x00000000c4000000, 0x00000000eb400000)
  object space 36864K, 42% used [0x00000000c1c00000,0x00000000c2b42728,0x00000000c4000000)
 Metaspace       used 33532K, capacity 35378K, committed 35496K, reserved 1079296K
  class space    used 4439K, capacity 4807K, committed 4864K, reserved 1048576K
Event: 5.554 GC heap after
Heap after GC invocations=11 (full 2):
 PSYoungGen      total 136192K, used 0K [0x00000000eb400000, 0x00000000f5480000, 0x0000000100000000)
  eden space 128512K, 0% used [0x00000000eb400000,0x00000000eb400000,0x00000000f3180000)
  from space 7680K, 0% used [0x00000000f3180000,0x00000000f3180000,0x00000000f3900000)
  to   space 10240K, 0% used [0x00000000f4a80000,0x00000000f4a80000,0x00000000f5480000)
 ParOldGen       total 56320K, used 17245K [0x00000000c1c00000, 0x00000000c5300000, 0x00000000eb400000)
  object space 56320K, 30% used [0x00000000c1c00000,0x00000000c2cd75c0,0x00000000c5300000)
 Metaspace       used 33532K, capacity 35378K, committed 35496K, reserved 1079296K
  class space    used 4439K, capacity 4807K, committed 4864K, reserved 1048576K
}
Event: 6.586 GC heap before
{Heap before GC invocations=12 (full 2):
 PSYoungGen      total 136192K, used 128512K [0x00000000eb400000, 0x00000000f5480000, 0x0000000100000000)
  eden space 128512K, 100% used [0x00000000eb400000,0x00000000f3180000,0x00000000f3180000)
  from space 7680K, 0% used [0x00000000f3180000,0x00000000f3180000,0x00000000f3900000)
  to   space 10240K, 0% used [0x00000000f4a80000,0x00000000f4a80000,0x00000000f5480000)
 ParOldGen       total 56320K, used 17245K [0x00000000c1c00000, 0x00000000c5300000, 0x00000000eb400000)
  object space 56320K, 30% used [0x00000000c1c00000,0x00000000c2cd75c0,0x00000000c5300000)
 Metaspace       used 38725K, capacity 41016K, committed 41216K, reserved 1085440K
  class space    used 5155K, capacity 5604K, committed 5632K, reserved 1048576K
Event: 6.598 GC heap after
Heap after GC invocations=12 (full 2):
 PSYoungGen      total 153600K, used 8214K [0x00000000eb400000, 0x00000000f6600000, 0x0000000100000000)
  eden space 143360K, 0% used [0x00000000eb400000,0x00000000eb400000,0x00000000f4000000)
  from space 10240K, 80% used [0x00000000f4a80000,0x00000000f5285980,0x00000000f5480000)
  to   space 10752K, 0% used [0x00000000f4000000,0x00000000f4000000,0x00000000f4a80000)
 ParOldGen       total 56320K, used 17253K [0x00000000c1c00000, 0x00000000c5300000, 0x00000000eb400000)
  object space 56320K, 30% used [0x00000000c1c00000,0x00000000c2cd95c0,0x00000000c5300000)
 Metaspace       used 38725K, capacity 41016K, committed 41216K, reserved 1085440K
  class space    used 5155K, capacity 5604K, committed 5632K, reserved 1048576K
}

Deoptimization events (0 events):
No events

Internal exceptions (10 events):
Event: 6.953 Thread 0x000000000261d800 Exception <a 'java/lang/ArrayIndexOutOfBoundsException'> (0x00000000ed38b0a0) thrown at [C:\re\workspace\8-2-build-windows-amd64-cygwin\jdk8u74\6087\hotspot\src\share\vm\runtime\sharedRuntime.cpp, line 605]
Event: 6.953 Thread 0x000000000261d800 Exception <a 'java/lang/ArrayIndexOutOfBoundsException'> (0x00000000ed38d090) thrown at [C:\re\workspace\8-2-build-windows-amd64-cygwin\jdk8u74\6087\hotspot\src\share\vm\runtime\sharedRuntime.cpp, line 605]
Event: 6.953 Thread 0x000000000261d800 Exception <a 'java/lang/ArrayIndexOutOfBoundsException'> (0x00000000ed38e9d8) thrown at [C:\re\workspace\8-2-build-windows-amd64-cygwin\jdk8u74\6087\hotspot\src\share\vm\runtime\sharedRuntime.cpp, line 605]
Event: 6.954 Thread 0x000000000261d800 Exception <a 'java/lang/ArrayIndexOutOfBoundsException'> (0x00000000ed390a90) thrown at [C:\re\workspace\8-2-build-windows-amd64-cygwin\jdk8u74\6087\hotspot\src\share\vm\runtime\sharedRuntime.cpp, line 605]
Event: 6.954 Thread 0x000000000261d800 Exception <a 'java/lang/ArrayIndexOutOfBoundsException'> (0x00000000ed391a18) thrown at [C:\re\workspace\8-2-build-windows-amd64-cygwin\jdk8u74\6087\hotspot\src\share\vm\runtime\sharedRuntime.cpp, line 605]
Event: 6.954 Thread 0x000000000261d800 Exception <a 'java/lang/ArrayIndexOutOfBoundsException'> (0x00000000ed393a80) thrown at [C:\re\workspace\8-2-build-windows-amd64-cygwin\jdk8u74\6087\hotspot\src\share\vm\runtime\sharedRuntime.cpp, line 605]
Event: 6.954 Thread 0x000000000261d800 Exception <a 'java/lang/ArrayIndexOutOfBoundsException'> (0x00000000ed395390) thrown at [C:\re\workspace\8-2-build-windows-amd64-cygwin\jdk8u74\6087\hotspot\src\share\vm\runtime\sharedRuntime.cpp, line 605]
Event: 6.954 Thread 0x000000000261d800 Exception <a 'java/lang/ArrayIndexOutOfBoundsException'> (0x00000000ed3965f8) thrown at [C:\re\workspace\8-2-build-windows-amd64-cygwin\jdk8u74\6087\hotspot\src\share\vm\runtime\sharedRuntime.cpp, line 605]
Event: 6.966 Thread 0x000000000261d800 Exception <a 'java/lang/ArrayIndexOutOfBoundsException'> (0x00000000ed443330) thrown at [C:\re\workspace\8-2-build-windows-amd64-cygwin\jdk8u74\6087\hotspot\src\share\vm\runtime\sharedRuntime.cpp, line 605]
Event: 6.966 Thread 0x000000000261d800 Exception <a 'java/lang/ArrayIndexOutOfBoundsException'> (0x00000000ed4444e0) thrown at [C:\re\workspace\8-2-build-windows-amd64-cygwin\jdk8u74\6087\hotspot\src\share\vm\runtime\sharedRuntime.cpp, line 605]

Events (10 events):
Event: 6.972 loading class org/springframework/beans/factory/BeanCreationException
Event: 6.972 loading class org/springframework/beans/factory/BeanCreationException done
Event: 6.974 loading class sun/reflect/annotation/AnnotationInvocationHandler$1
Event: 6.974 loading class sun/reflect/annotation/AnnotationInvocationHandler$1 done
Event: 6.976 loading class org/springframework/data/redis/core/convert/PathIndexResolver
Event: 6.976 loading class org/springframework/data/redis/core/convert/PathIndexResolver done
Event: 6.977 loading class org/springframework/data/redis/connection/RedisGeoCommands$GeoLocation
Event: 6.977 loading class org/springframework/data/redis/connection/RedisGeoCommands$GeoLocation done
Event: 6.978 loading class org/springframework/data/redis/core/convert/IndexedDataFactoryProvider
Event: 6.978 loading class org/springframework/data/redis/core/convert/IndexedDataFactoryProvider done


Dynamic libraries:
0x000000013fae0000 - 0x000000013fb17000 	D:\java\JDK1.8.0_74_x64\bin\java.exe
0x0000000077720000 - 0x00000000778bf000 	C:\Windows\SYSTEM32\ntdll.dll
0x0000000077040000 - 0x000000007715f000 	C:\Windows\system32\kernel32.dll
0x000007fefdd00000 - 0x000007fefdd67000 	C:\Windows\system32\KERNELBASE.dll
0x000007fefe910000 - 0x000007fefe9eb000 	C:\Windows\system32\ADVAPI32.dll
0x000007fefe500000 - 0x000007fefe59f000 	C:\Windows\system32\msvcrt.dll
0x000007fefe300000 - 0x000007fefe31f000 	C:\Windows\SYSTEM32\sechost.dll
0x000007fefea40000 - 0x000007fefeb6c000 	C:\Windows\system32\RPCRT4.dll
0x0000000077620000 - 0x000000007771a000 	C:\Windows\system32\USER32.dll
0x000007fefe720000 - 0x000007fefe787000 	C:\Windows\system32\GDI32.dll
0x000007fefe0f0000 - 0x000007fefe0fe000 	C:\Windows\system32\LPK.dll
0x000007feff910000 - 0x000007feff9db000 	C:\Windows\system32\USP10.dll
0x000007fefc490000 - 0x000007fefc685000 	C:\Windows\WinSxS\amd64_microsoft.windows.common-controls_6595b64144ccf1df_6.0.7601.24483_none_e372d88f30fbb845\COMCTL32.dll
0x000007fefe600000 - 0x000007fefe671000 	C:\Windows\system32\SHLWAPI.dll
0x000007feff9e0000 - 0x000007feffa0e000 	C:\Windows\system32\IMM32.DLL
0x000007fefdf40000 - 0x000007fefe04b000 	C:\Windows\system32\MSCTF.dll
0x0000000067010000 - 0x00000000670e2000 	D:\java\JDK1.8.0_74_x64\jre\bin\msvcr100.dll
0x00000000527b0000 - 0x0000000053040000 	D:\java\JDK1.8.0_74_x64\jre\bin\server\jvm.dll
0x000007fefa950000 - 0x000007fefa959000 	C:\Windows\system32\WSOCK32.dll
0x000007fefe9f0000 - 0x000007fefea3d000 	C:\Windows\system32\WS2_32.dll
0x000007feff900000 - 0x000007feff908000 	C:\Windows\system32\NSI.dll
0x000007fefa8d0000 - 0x000007fefa90b000 	C:\Windows\system32\WINMM.dll
0x000007fefcc60000 - 0x000007fefcc6c000 	C:\Windows\system32\VERSION.dll
0x00000000778c0000 - 0x00000000778c7000 	C:\Windows\system32\PSAPI.DLL
0x000000006cc70000 - 0x000000006cc7f000 	D:\java\JDK1.8.0_74_x64\jre\bin\verify.dll
0x000000006cab0000 - 0x000000006cad9000 	D:\java\JDK1.8.0_74_x64\jre\bin\java.dll
0x000000006ca80000 - 0x000000006caa3000 	D:\java\JDK1.8.0_74_x64\jre\bin\instrument.dll
0x000000006ca60000 - 0x000000006ca76000 	D:\java\JDK1.8.0_74_x64\jre\bin\zip.dll
0x000007fefeb70000 - 0x000007feff8fb000 	C:\Windows\system32\SHELL32.dll
0x000007fefe100000 - 0x000007fefe2ff000 	C:\Windows\system32\ole32.dll
0x000007fefdb70000 - 0x000007fefdb7f000 	C:\Windows\system32\profapi.dll
0x000007fef3d60000 - 0x000007fef3d7a000 	D:\idea\IDEA\IntelliJ IDEA 2019.1.3\bin\breakgen64.dll
0x0000000066ff0000 - 0x000000006700a000 	D:\java\JDK1.8.0_74_x64\jre\bin\net.dll
0x000007fefd390000 - 0x000007fefd3e5000 	C:\Windows\system32\mswsock.dll
0x000007fefd380000 - 0x000007fefd387000 	C:\Windows\System32\wship6.dll
0x000007fefcd30000 - 0x000007fefcd37000 	C:\Windows\System32\wshtcpip.dll
0x000007fefd210000 - 0x000007fefd26b000 	C:\Windows\system32\DNSAPI.dll
0x00000000726c0000 - 0x00000000726f5000 	C:\Program Files\Bonjour\mdnsNSP.dll
0x000007fefb560000 - 0x000007fefb587000 	C:\Windows\system32\Iphlpapi.DLL
0x000007fefb540000 - 0x000007fefb54b000 	C:\Windows\system32\WINNSI.DLL
0x000007fef7480000 - 0x000007fef7488000 	C:\Windows\system32\rasadhlp.dll
0x000007fefb3d0000 - 0x000007fefb423000 	C:\Windows\System32\fwpuclnt.dll
0x000000006ca50000 - 0x000000006ca5d000 	D:\java\JDK1.8.0_74_x64\jre\bin\management.dll
0x0000000066fd0000 - 0x0000000066fe1000 	D:\java\JDK1.8.0_74_x64\jre\bin\nio.dll
0x000007fefd3f0000 - 0x000007fefd408000 	C:\Windows\system32\CRYPTSP.dll
0x000007fefd0f0000 - 0x000007fefd137000 	C:\Windows\system32\rsaenh.dll
0x000007fefcec0000 - 0x000007fefcede000 	C:\Windows\system32\USERENV.dll
0x000007fefdaa0000 - 0x000007fefdaaf000 	C:\Windows\system32\CRYPTBASE.dll
0x000007fefb350000 - 0x000007fefb368000 	C:\Windows\system32\dhcpcsvc.DLL
0x000007fefb330000 - 0x000007fefb341000 	C:\Windows\system32\dhcpcsvc6.DLL
0x000007fefb7a0000 - 0x000007fefb7b5000 	C:\Windows\system32\NLAapi.dll
0x000007fef71b0000 - 0x000007fef71c5000 	C:\Windows\system32\napinsp.dll
0x000007fef70f0000 - 0x000007fef7109000 	C:\Windows\system32\pnrpnsp.dll
0x000007fef70e0000 - 0x000007fef70eb000 	C:\Windows\System32\winrnr.dll
0x000007fef70c0000 - 0x000007fef70d0000 	C:\Windows\system32\wshbth.dll
0x0000000053eb0000 - 0x0000000053ed4000 	D:\java\JDK1.8.0_74_x64\jre\bin\sunec.dll

VM Arguments:
jvm_args: -XX:TieredStopAtLevel=1 -Xverify:none -Dspring.output.ansi.enabled=always -Dcom.sun.management.jmxremote -Dspring.jmx.enabled=true -Dspring.liveBeansView.mbeanDomain -Dspring.application.admin.enabled=true -javaagent:D:\idea\IDEA\IntelliJ IDEA 2019.1.3\lib\idea_rt.jar=51745:D:\idea\IDEA\IntelliJ IDEA 2019.1.3\bin -Dfile.encoding=UTF-8 
java_command: com.woniu.ProjectApplication
java_class_path (initial): D:\java\JDK1.8.0_74_x64\jre\lib\charsets.jar;D:\java\JDK1.8.0_74_x64\jre\lib\deploy.jar;D:\java\JDK1.8.0_74_x64\jre\lib\ext\access-bridge-64.jar;D:\java\JDK1.8.0_74_x64\jre\lib\ext\cldrdata.jar;D:\java\JDK1.8.0_74_x64\jre\lib\ext\dnsns.jar;D:\java\JDK1.8.0_74_x64\jre\lib\ext\jaccess.jar;D:\java\JDK1.8.0_74_x64\jre\lib\ext\jfxrt.jar;D:\java\JDK1.8.0_74_x64\jre\lib\ext\localedata.jar;D:\java\JDK1.8.0_74_x64\jre\lib\ext\nashorn.jar;D:\java\JDK1.8.0_74_x64\jre\lib\ext\sunec.jar;D:\java\JDK1.8.0_74_x64\jre\lib\ext\sunjce_provider.jar;D:\java\JDK1.8.0_74_x64\jre\lib\ext\sunmscapi.jar;D:\java\JDK1.8.0_74_x64\jre\lib\ext\sunpkcs11.jar;D:\java\JDK1.8.0_74_x64\jre\lib\ext\zipfs.jar;D:\java\JDK1.8.0_74_x64\jre\lib\javaws.jar;D:\java\JDK1.8.0_74_x64\jre\lib\jce.jar;D:\java\JDK1.8.0_74_x64\jre\lib\jfr.jar;D:\java\JDK1.8.0_74_x64\jre\lib\jfxswt.jar;D:\java\JDK1.8.0_74_x64\jre\lib\jsse.jar;D:\java\JDK1.8.0_74_x64\jre\lib\management-agent.jar;D:\java\JDK1.8.0_74_x64\jre\lib\plugin.jar;D:\java\JDK1.8.0_74_x64\jre\lib\resources.jar;D:\java\JDK1.8.0_74_x64\jre\lib\rt.jar;D:\idea\work\IdeaProjects\project\target\classes;D:\maven\repository\org\springframework\boot\spring-boot-starter-data-redis\2.3.7.RELEASE\spring-boot-starter-data-redis-2.3.7.RELEASE.jar;D:\maven\repository\org\springframework\boot\spring-boot-starter\2.3.7.RELEASE\spring-boot-starter-2.3.7.RELEASE.jar;D:\maven\repository\org\springframework\boot\spring-boot\2.3.7.RELEASE\spring-boot-2.3.7.RELEASE.jar;D:\maven\repository\org\springframework\boot\spring-boot-starter-logging\2.3.7.RELEASE\spring-boot-starter-logging-2.3.7.RELEASE.jar;D:\maven\repository\ch\qos\logback\logback-classic\1.2.3\logback-classic-1.2.3.jar;D:\maven\repository\ch\qos\logback\logback-core\1.2.3\logback-core-1.2.3.jar;D:\maven\repository\org\apache\logging\log4j\log4j-to-slf4j\2.13.3\log4j-to-slf4j-2.13.3.jar;D:\maven\repository\org\apache\logging\log4j\log4j-api\2.13.3\log4j-api-2.13.3.jar;D:\maven\repository\org\slf
Launcher Type: SUN_STANDARD

Environment Variables:
JAVA_HOME=D:\java\JDK1.8.0_74_x64
PATH=C:\Windows\system32;C:\Windows;C:\Windows\System32\Wbem;C:\Windows\System32\WindowsPowerShell\v1.0\;D:\Windows-D盘更新软件\Win7优化大师绿色;%JAVA_HOME;\bin;D:\java\mysql\mysql-5.6.44-winx64\bin;C:\Program Files\TortoiseSVN\bin;D:\nodejs\;D:\git\Git\cmd;C:\Program Files\TortoiseGit\bin;D:\maven\apache-maven-3.6.0\bin;C:\Users\Administrator\AppData\Roaming\npm
USERNAME=Administrator
OS=Windows_NT
PROCESSOR_IDENTIFIER=Intel64 Family 6 Model 42 Stepping 7, GenuineIntel



---------------  S Y S T E M  ---------------

OS: Windows 7 , 64 bit Build 7601 (6.1.7601.24524)

CPU:total 4 (2 cores per cpu, 2 threads per core) family 6 model 42 stepping 7, cmov, cx8, fxsr, mmx, sse, sse2, sse3, ssse3, sse4.1, sse4.2, popcnt, avx, aes, clmul, ht, tsc, tscinvbit

Memory: 4k page, physical 4077808k(286676k free), swap 6173060k(7840k free)

vm_info: Java HotSpot(TM) 64-Bit Server VM (25.74-b02) for windows-amd64 JRE (1.8.0_74-b02), built on Jan 29 2016 17:42:36 by "java_re" with MS VC++ 10.0 (VS2010)

time: Wed Dec 23 14:40:21 2020
elapsed time: 6 seconds (0d 0h 0m 6s)

