#
# There is insufficient memory for the Java Runtime Environment to continue.
# Native memory allocation (malloc) failed to allocate 16384 bytes for AllocateHeap
# Possible reasons:
#   The system is out of physical RAM or swap space
#   In 32 bit mode, the process size limit was hit
# Possible solutions:
#   Reduce memory load on the system
#   Increase physical memory or swap space
#   Check if swap backing store is full
#   Use 64 bit Java on a 64 bit OS
#   Decrease Java heap size (-Xmx/-Xms)
#   Decrease number of Java threads
#   Decrease Java thread stack sizes (-Xss)
#   Set larger code cache with -XX:ReservedCodeCacheSize=
# This output file may be truncated or incomplete.
#
#  Out of Memory Error (memory/allocation.inline.hpp:61), pid=1128, tid=8020
#
# JRE version: Java(TM) SE Runtime Environment (8.0_74-b02) (build 1.8.0_74-b02)
# Java VM: Java HotSpot(TM) 64-Bit Server VM (25.74-b02 mixed mode windows-amd64 compressed oops)
# Failed to write core dump. Minidumps are not enabled by default on client versions of Windows
#

---------------  T H R E A D  ---------------

Current thread (0x00000000025ad800):  JavaThread "main" [_thread_in_vm, id=8020, stack(0x0000000002710000,0x0000000002810000)]

Stack: [0x0000000002710000,0x0000000002810000]
[error occurred during error reporting (printing stack bounds), id 0xc0000005]

Native frames: (J=compiled Java code, j=interpreted, Vv=VM code, C=native code)

Java frames: (J=compiled Java code, j=interpreted, Vv=VM code)
j  java.lang.invoke.MethodHandleImpl$BindCaller.restoreToType(Ljava/lang/invoke/MethodHandle;Ljava/lang/invoke/MethodHandle;Ljava/lang/Class;)Ljava/lang/invoke/MethodHandle;+31
j  java.lang.invoke.MethodHandleImpl$BindCaller.bindCaller(Ljava/lang/invoke/MethodHandle;Ljava/lang/Class;)Ljava/lang/invoke/MethodHandle;+73
J 2189 C1 java.lang.invoke.MethodHandles$Lookup.maybeBindCaller(Ljava/lang/invoke/MemberName;Ljava/lang/invoke/MethodHandle;Ljava/lang/Class;)Ljava/lang/invoke/MethodHandle; (44 bytes) @ 0x0000000002dc66a4 [0x0000000002dc6580+0x124]
J 1306 C1 java.lang.invoke.MethodHandles$Lookup.getDirectMethodCommon(BLjava/lang/Class;Ljava/lang/invoke/MemberName;ZZLjava/lang/Class;)Ljava/lang/invoke/MethodHandle; (271 bytes) @ 0x0000000002c526ac [0x0000000002c52260+0x44c]
J 2296 C1 java.lang.invoke.MethodHandles$Lookup.getDirectMethodForConstant(BLjava/lang/Class;Ljava/lang/invoke/MemberName;)Ljava/lang/invoke/MethodHandle; (70 bytes) @ 0x0000000002dfae6c [0x0000000002dfac60+0x20c]
J 1349 C1 java.lang.invoke.MethodHandles$Lookup.linkMethodHandleConstant(BLjava/lang/Class;Ljava/lang/String;Ljava/lang/Object;)Ljava/lang/invoke/MethodHandle; (185 bytes) @ 0x0000000002c5e404 [0x0000000002c5e180+0x284]
J 1348 C1 java.lang.invoke.MethodHandleNatives.linkMethodHandleConstant(Ljava/lang/Class;ILjava/lang/Class;Ljava/lang/String;Ljava/lang/Object;)Ljava/lang/invoke/MethodHandle; (154 bytes) @ 0x0000000002c5d2e4 [0x0000000002c5d280+0x64]
v  ~StubRoutines::call_stub
j  org.springframework.boot.context.properties.bind.JavaBeanBinder$Bean.addProperties(Ljava/lang/Class;)V+15
j  org.springframework.boot.context.properties.bind.JavaBeanBinder$Bean.<init>(Lorg/springframework/core/ResolvableType;Ljava/lang/Class;)V+27
j  org.springframework.boot.context.properties.bind.JavaBeanBinder$Bean.get(Lorg/springframework/boot/context/properties/bind/Bindable;Z)Lorg/springframework/boot/context/properties/bind/JavaBeanBinder$Bean;+94
j  org.springframework.boot.context.properties.bind.JavaBeanBinder.bind(Lorg/springframework/boot/context/properties/source/ConfigurationPropertyName;Lorg/springframework/boot/context/properties/bind/Bindable;Lorg/springframework/boot/context/properties/bind/Binder$Context;Lorg/springframework/boot/context/properties/bind/DataObjectPropertyBinder;)Ljava/lang/Object;+26
j  org.springframework.boot.context.properties.bind.Binder.lambda$bindDataObject$5(Lorg/springframework/boot/context/properties/source/ConfigurationPropertyName;Lorg/springframework/boot/context/properties/bind/Bindable;Lorg/springframework/boot/context/properties/bind/Binder$Context;Lorg/springframework/boot/context/properties/bind/DataObjectPropertyBinder;)Ljava/lang/Object;+40
j  org.springframework.boot.context.properties.bind.Binder$$Lambda$102.get()Ljava/lang/Object;+20
j  org.springframework.boot.context.properties.bind.Binder$Context.withIncreasedDepth(Ljava/util/function/Supplier;)Ljava/lang/Object;+5
j  org.springframework.boot.context.properties.bind.Binder$Context.withDataObject(Ljava/lang/Class;Ljava/util/function/Supplier;)Ljava/lang/Object;+12
j  org.springframework.boot.context.properties.bind.Binder$Context.access$300(Lorg/springframework/boot/context/properties/bind/Binder$Context;Ljava/lang/Class;Ljava/util/function/Supplier;)Ljava/lang/Object;+3
j  org.springframework.boot.context.properties.bind.Binder.bindDataObject(Lorg/springframework/boot/context/properties/source/ConfigurationPropertyName;Lorg/springframework/boot/context/properties/bind/Bindable;Lorg/springframework/boot/context/properties/bind/BindHandler;Lorg/springframework/boot/context/properties/bind/Binder$Context;Z)Ljava/lang/Object;+69
j  org.springframework.boot.context.properties.bind.Binder.bindObject(Lorg/springframework/boot/context/properties/source/ConfigurationPropertyName;Lorg/springframework/boot/context/properties/bind/Bindable;Lorg/springframework/boot/context/properties/bind/BindHandler;Lorg/springframework/boot/context/properties/bind/Binder$Context;Z)Ljava/lang/Object;+112
j  org.springframework.boot.context.properties.bind.Binder.bind(Lorg/springframework/boot/context/properties/source/ConfigurationPropertyName;Lorg/springframework/boot/context/properties/bind/Bindable;Lorg/springframework/boot/context/properties/bind/BindHandler;Lorg/springframework/boot/context/properties/bind/Binder$Context;ZZ)Ljava/lang/Object;+41
j  org.springframework.boot.context.properties.bind.Binder.bind(Lorg/springframework/boot/context/properties/source/ConfigurationPropertyName;Lorg/springframework/boot/context/properties/bind/Bindable;Lorg/springframework/boot/context/properties/bind/BindHandler;Z)Ljava/lang/Object;+44
j  org.springframework.boot.context.properties.bind.Binder.bind(Lorg/springframework/boot/context/properties/source/ConfigurationPropertyName;Lorg/springframework/boot/context/properties/bind/Bindable;Lorg/springframework/boot/context/properties/bind/BindHandler;)Lorg/springframework/boot/context/properties/bind/BindResult;+5
j  org.springframework.boot.context.properties.bind.Binder.bind(Ljava/lang/String;Lorg/springframework/boot/context/properties/bind/Bindable;Lorg/springframework/boot/context/properties/bind/BindHandler;)Lorg/springframework/boot/context/properties/bind/BindResult;+7
j  org.springframework.boot.context.properties.ConfigurationPropertiesBinder.bind(Lorg/springframework/boot/context/properties/ConfigurationPropertiesBean;)Lorg/springframework/boot/context/properties/bind/BindResult;+31
j  org.springframework.boot.context.properties.ConfigurationPropertiesBindingPostProcessor.bind(Lorg/springframework/boot/context/properties/ConfigurationPropertiesBean;)V+66
j  org.springframework.boot.context.properties.ConfigurationPropertiesBindingPostProcessor.postProcessBeforeInitialization(Ljava/lang/Object;Ljava/lang/String;)Ljava/lang/Object;+10
j  org.springframework.beans.factory.support.AbstractAutowireCapableBeanFactory.applyBeanPostProcessorsBeforeInitialization(Ljava/lang/Object;Ljava/lang/String;)Ljava/lang/Object;+39
j  org.springframework.beans.factory.support.AbstractAutowireCapableBeanFactory.initializeBean(Ljava/lang/String;Ljava/lang/Object;Lorg/springframework/beans/factory/support/RootBeanDefinition;)Ljava/lang/Object;+49
j  org.springframework.beans.factory.support.AbstractAutowireCapableBeanFactory.doCreateBean(Ljava/lang/String;Lorg/springframework/beans/factory/support/RootBeanDefinition;[Ljava/lang/Object;)Ljava/lang/Object;+245
j  org.springframework.beans.factory.support.AbstractAutowireCapableBeanFactory.createBean(Ljava/lang/String;Lorg/springframework/beans/factory/support/RootBeanDefinition;[Ljava/lang/Object;)Ljava/lang/Object;+169
j  org.springframework.beans.factory.support.AbstractBeanFactory.lambda$doGetBean$0(Ljava/lang/String;Lorg/springframework/beans/factory/support/RootBeanDefinition;[Ljava/lang/Object;)Ljava/lang/Object;+4
j  org.springframework.beans.factory.support.AbstractBeanFactory$$Lambda$170.getObject()Ljava/lang/Object;+16
j  org.springframework.beans.factory.support.DefaultSingletonBeanRegistry.getSingleton(Ljava/lang/String;Lorg/springframework/beans/factory/ObjectFactory;)Ljava/lang/Object;+132
J 2157 C1 org.springframework.beans.factory.support.AbstractBeanFactory.doGetBean(Ljava/lang/String;Ljava/lang/Class;[Ljava/lang/Object;Z)Ljava/lang/Object; (874 bytes) @ 0x0000000002db65d4 [0x0000000002db60e0+0x4f4]
j  org.springframework.beans.factory.support.AbstractBeanFactory.getBean(Ljava/lang/String;)Ljava/lang/Object;+5
j  org.springframework.beans.factory.config.DependencyDescriptor.resolveCandidate(Ljava/lang/String;Ljava/lang/Class;Lorg/springframework/beans/factory/BeanFactory;)Ljava/lang/Object;+2
j  org.springframework.beans.factory.support.DefaultListableBeanFactory.doResolveDependency(Lorg/springframework/beans/factory/config/DependencyDescriptor;Ljava/lang/String;Ljava/util/Set;Lorg/springframework/beans/TypeConverter;)Ljava/lang/Object;+440
j  org.springframework.beans.factory.support.DefaultListableBeanFactory.resolveDependency(Lorg/springframework/beans/factory/config/DependencyDescriptor;Ljava/lang/String;Ljava/util/Set;Lorg/springframework/beans/TypeConverter;)Ljava/lang/Object;+108
j  org.springframework.beans.factory.support.ConstructorResolver.resolveAutowiredArgument(Lorg/springframework/core/MethodParameter;Ljava/lang/String;Ljava/util/Set;Lorg/springframework/beans/TypeConverter;Z)Ljava/lang/Object;+79
j  org.springframework.beans.factory.support.ConstructorResolver.createArgumentArray(Ljava/lang/String;Lorg/springframework/beans/factory/support/RootBeanDefinition;Lorg/springframework/beans/factory/config/ConstructorArgumentValues;Lorg/springframework/beans/BeanWrapper;[Ljava/lang/Class;[Ljava/lang/String;Ljava/lang/reflect/Executable;ZZ)Lorg/springframework/beans/factory/support/ConstructorResolver$ArgumentsHolder;+434
j  org.springframework.beans.factory.support.ConstructorResolver.autowireConstructor(Ljava/lang/String;Lorg/springframework/beans/factory/support/RootBeanDefinition;[Ljava/lang/reflect/Constructor;[Ljava/lang/Object;)Lorg/springframework/beans/BeanWrapper;+545
j  org.springframework.beans.factory.support.AbstractAutowireCapableBeanFactory.autowireConstructor(Ljava/lang/String;Lorg/springframework/beans/factory/support/RootBeanDefinition;[Ljava/lang/reflect/Constructor;[Ljava/lang/Object;)Lorg/springframework/beans/BeanWrapper;+13
j  org.springframework.beans.factory.support.AbstractAutowireCapableBeanFactory.createBeanInstance(Ljava/lang/String;Lorg/springframework/beans/factory/support/RootBeanDefinition;[Ljava/lang/Object;)Lorg/springframework/beans/BeanWrapper;+221
j  org.springframework.beans.factory.support.AbstractAutowireCapableBeanFactory.doCreateBean(Ljava/lang/String;Lorg/springframework/beans/factory/support/RootBeanDefinition;[Ljava/lang/Object;)Ljava/lang/Object;+34
j  org.springframework.beans.factory.support.AbstractAutowireCapableBeanFactory.createBean(Ljava/lang/String;Lorg/springframework/beans/factory/support/RootBeanDefinition;[Ljava/lang/Object;)Ljava/lang/Object;+169
j  org.springframework.beans.factory.support.AbstractBeanFactory.lambda$doGetBean$0(Ljava/lang/String;Lorg/springframework/beans/factory/support/RootBeanDefinition;[Ljava/lang/Object;)Ljava/lang/Object;+4
j  org.springframework.beans.factory.support.AbstractBeanFactory$$Lambda$170.getObject()Ljava/lang/Object;+16
j  org.springframework.beans.factory.support.DefaultSingletonBeanRegistry.getSingleton(Ljava/lang/String;Lorg/springframework/beans/factory/ObjectFactory;)Ljava/lang/Object;+132
J 2157 C1 org.springframework.beans.factory.support.AbstractBeanFactory.doGetBean(Ljava/lang/String;Ljava/lang/Class;[Ljava/lang/Object;Z)Ljava/lang/Object; (874 bytes) @ 0x0000000002db65d4 [0x0000000002db60e0+0x4f4]
j  org.springframework.beans.factory.support.AbstractBeanFactory.getBean(Ljava/lang/String;)Ljava/lang/Object;+5
j  org.springframework.beans.factory.support.ConstructorResolver.instantiateUsingFactoryMethod(Ljava/lang/String;Lorg/springframework/beans/factory/support/RootBeanDefinition;[Ljava/lang/Object;)Lorg/springframework/beans/BeanWrapper;+59
j  org.springframework.beans.factory.support.AbstractAutowireCapableBeanFactory.instantiateUsingFactoryMethod(Ljava/lang/String;Lorg/springframework/beans/factory/support/RootBeanDefinition;[Ljava/lang/Object;)Lorg/springframework/beans/BeanWrapper;+11
j  org.springframework.beans.factory.support.AbstractAutowireCapableBeanFactory.createBeanInstance(Ljava/lang/String;Lorg/springframework/beans/factory/support/RootBeanDefinition;[Ljava/lang/Object;)Lorg/springframework/beans/BeanWrapper;+101
j  org.springframework.beans.factory.support.AbstractAutowireCapableBeanFactory.doCreateBean(Ljava/lang/String;Lorg/springframework/beans/factory/support/RootBeanDefinition;[Ljava/lang/Object;)Ljava/lang/Object;+34
j  org.springframework.beans.factory.support.AbstractAutowireCapableBeanFactory.createBean(Ljava/lang/String;Lorg/springframework/beans/factory/support/RootBeanDefinition;[Ljava/lang/Object;)Ljava/lang/Object;+169
j  org.springframework.beans.factory.support.AbstractBeanFactory.lambda$doGetBean$0(Ljava/lang/String;Lorg/springframework/beans/factory/support/RootBeanDefinition;[Ljava/lang/Object;)Ljava/lang/Object;+4
j  org.springframework.beans.factory.support.AbstractBeanFactory$$Lambda$170.getObject()Ljava/lang/Object;+16
j  org.springframework.beans.factory.support.DefaultSingletonBeanRegistry.getSingleton(Ljava/lang/String;Lorg/springframework/beans/factory/ObjectFactory;)Ljava/lang/Object;+132
J 2157 C1 org.springframework.beans.factory.support.AbstractBeanFactory.doGetBean(Ljava/lang/String;Ljava/lang/Class;[Ljava/lang/Object;Z)Ljava/lang/Object; (874 bytes) @ 0x0000000002db65d4 [0x0000000002db60e0+0x4f4]
j  org.springframework.beans.factory.support.AbstractBeanFactory.getBean(Ljava/lang/String;)Ljava/lang/Object;+5
j  org.springframework.beans.factory.config.DependencyDescriptor.resolveCandidate(Ljava/lang/String;Ljava/lang/Class;Lorg/springframework/beans/factory/BeanFactory;)Ljava/lang/Object;+2
j  org.springframework.beans.factory.support.DefaultListableBeanFactory.doResolveDependency(Lorg/springframework/beans/factory/config/DependencyDescriptor;Ljava/lang/String;Ljava/util/Set;Lorg/springframework/beans/TypeConverter;)Ljava/lang/Object;+440
j  org.springframework.beans.factory.support.DefaultListableBeanFactory.resolveDependency(Lorg/springframework/beans/factory/config/DependencyDescriptor;Ljava/lang/String;Ljava/util/Set;Lorg/springframework/beans/TypeConverter;)Ljava/lang/Object;+108
j  org.springframework.beans.factory.support.AbstractAutowireCapableBeanFactory.autowireByType(Ljava/lang/String;Lorg/springframework/beans/factory/support/AbstractBeanDefinition;Lorg/springframework/beans/BeanWrapper;Lorg/springframework/beans/MutablePropertyValues;)V+125
j  org.springframework.beans.factory.support.AbstractAutowireCapableBeanFactory.populateBean(Ljava/lang/String;Lorg/springframework/beans/factory/support/RootBeanDefinition;Lorg/springframework/beans/BeanWrapper;)V+184
j  org.springframework.beans.factory.support.AbstractAutowireCapableBeanFactory.doCreateBean(Ljava/lang/String;Lorg/springframework/beans/factory/support/RootBeanDefinition;[Ljava/lang/Object;)Ljava/lang/Object;+237
j  org.springframework.beans.factory.support.AbstractAutowireCapableBeanFactory.createBean(Ljava/lang/String;Lorg/springframework/beans/factory/support/RootBeanDefinition;[Ljava/lang/Object;)Ljava/lang/Object;+169
j  org.springframework.beans.factory.support.AbstractBeanFactory.lambda$doGetBean$0(Ljava/lang/String;Lorg/springframework/beans/factory/support/RootBeanDefinition;[Ljava/lang/Object;)Ljava/lang/Object;+4
j  org.springframework.beans.factory.support.AbstractBeanFactory$$Lambda$170.getObject()Ljava/lang/Object;+16
j  org.springframework.beans.factory.support.DefaultSingletonBeanRegistry.getSingleton(Ljava/lang/String;Lorg/springframework/beans/factory/ObjectFactory;)Ljava/lang/Object;+132
J 2157 C1 org.springframework.beans.factory.support.AbstractBeanFactory.doGetBean(Ljava/lang/String;Ljava/lang/Class;[Ljava/lang/Object;Z)Ljava/lang/Object; (874 bytes) @ 0x0000000002db65d4 [0x0000000002db60e0+0x4f4]
J 1786 C1 org.springframework.beans.factory.support.AbstractBeanFactory.getBean(Ljava/lang/String;Ljava/lang/Class;)Ljava/lang/Object; (9 bytes) @ 0x0000000002d1dce4 [0x0000000002d1dca0+0x44]
j  org.springframework.beans.factory.support.AbstractAutowireCapableBeanFactory.resolveBeanByName(Ljava/lang/String;Lorg/springframework/beans/factory/config/DependencyDescriptor;)Ljava/lang/Object;+11
j  org.springframework.context.annotation.CommonAnnotationBeanPostProcessor.autowireResource(Lorg/springframework/beans/factory/BeanFactory;Lorg/springframework/context/annotation/CommonAnnotationBeanPostProcessor$LookupElement;Ljava/lang/String;)Ljava/lang/Object;+99
j  org.springframework.context.annotation.CommonAnnotationBeanPostProcessor.getResource(Lorg/springframework/context/annotation/CommonAnnotationBeanPostProcessor$LookupElement;Ljava/lang/String;)Ljava/lang/Object;+81
j  org.springframework.context.annotation.CommonAnnotationBeanPostProcessor$ResourceElement.getResourceToInject(Ljava/lang/Object;Ljava/lang/String;)Ljava/lang/Object;+25
j  org.springframework.beans.factory.annotation.InjectionMetadata$InjectedElement.inject(Ljava/lang/Object;Ljava/lang/String;Lorg/springframework/beans/PropertyValues;)V+27
j  org.springframework.beans.factory.annotation.InjectionMetadata.inject(Ljava/lang/Object;Ljava/lang/String;Lorg/springframework/beans/PropertyValues;)V+68
j  org.springframework.context.annotation.CommonAnnotationBeanPostProcessor.postProcessProperties(Lorg/springframework/beans/PropertyValues;Ljava/lang/Object;Ljava/lang/String;)Lorg/springframework/beans/PropertyValues;+17
j  org.springframework.beans.factory.support.AbstractAutowireCapableBeanFactory.populateBean(Ljava/lang/String;Lorg/springframework/beans/factory/support/RootBeanDefinition;Lorg/springframework/beans/BeanWrapper;)V+289
j  org.springframework.beans.factory.support.AbstractAutowireCapableBeanFactory.doCreateBean(Ljava/lang/String;Lorg/springframework/beans/factory/support/RootBeanDefinition;[Ljava/lang/Object;)Ljava/lang/Object;+237
j  org.springframework.beans.factory.support.AbstractAutowireCapableBeanFactory.createBean(Ljava/lang/String;Lorg/springframework/beans/factory/support/RootBeanDefinition;[Ljava/lang/Object;)Ljava/lang/Object;+169
j  org.springframework.beans.factory.support.AbstractBeanFactory.lambda$doGetBean$0(Ljava/lang/String;Lorg/springframework/beans/factory/support/RootBeanDefinition;[Ljava/lang/Object;)Ljava/lang/Object;+4
j  org.springframework.beans.factory.support.AbstractBeanFactory$$Lambda$170.getObject()Ljava/lang/Object;+16
j  org.springframework.beans.factory.support.DefaultSingletonBeanRegistry.getSingleton(Ljava/lang/String;Lorg/springframework/beans/factory/ObjectFactory;)Ljava/lang/Object;+132
J 2157 C1 org.springframework.beans.factory.support.AbstractBeanFactory.doGetBean(Ljava/lang/String;Ljava/lang/Class;[Ljava/lang/Object;Z)Ljava/lang/Object; (874 bytes) @ 0x0000000002db65d4 [0x0000000002db60e0+0x4f4]
j  org.springframework.beans.factory.support.AbstractBeanFactory.getBean(Ljava/lang/String;)Ljava/lang/Object;+5
j  org.springframework.beans.factory.config.DependencyDescriptor.resolveCandidate(Ljava/lang/String;Ljava/lang/Class;Lorg/springframework/beans/factory/BeanFactory;)Ljava/lang/Object;+2
j  org.springframework.beans.factory.support.DefaultListableBeanFactory.doResolveDependency(Lorg/springframework/beans/factory/config/DependencyDescriptor;Ljava/lang/String;Ljava/util/Set;Lorg/springframework/beans/TypeConverter;)Ljava/lang/Object;+440
j  org.springframework.beans.factory.support.DefaultListableBeanFactory.resolveDependency(Lorg/springframework/beans/factory/config/DependencyDescriptor;Ljava/lang/String;Ljava/util/Set;Lorg/springframework/beans/TypeConverter;)Ljava/lang/Object;+108
j  org.springframework.context.annotation.CommonAnnotationBeanPostProcessor.autowireResource(Lorg/springframework/beans/factory/BeanFactory;Lorg/springframework/context/annotation/CommonAnnotationBeanPostProcessor$LookupElement;Ljava/lang/String;)Ljava/lang/Object;+67
j  org.springframework.context.annotation.CommonAnnotationBeanPostProcessor.getResource(Lorg/springframework/context/annotation/CommonAnnotationBeanPostProcessor$LookupElement;Ljava/lang/String;)Ljava/lang/Object;+81
j  org.springframework.context.annotation.CommonAnnotationBeanPostProcessor$ResourceElement.getResourceToInject(Ljava/lang/Object;Ljava/lang/String;)Ljava/lang/Object;+25
j  org.springframework.beans.factory.annotation.InjectionMetadata$InjectedElement.inject(Ljava/lang/Object;Ljava/lang/String;Lorg/springframework/beans/PropertyValues;)V+27
j  org.springframework.beans.factory.annotation.InjectionMetadata.inject(Ljava/lang/Object;Ljava/lang/String;Lorg/springframework/beans/PropertyValues;)V+68
j  org.springframework.context.annotation.CommonAnnotationBeanPostProcessor.postProcessProperties(Lorg/springframework/beans/PropertyValues;Ljava/lang/Object;Ljava/lang/String;)Lorg/springframework/beans/PropertyValues;+17
j  org.springframework.beans.factory.support.AbstractAutowireCapableBeanFactory.populateBean(Ljava/lang/String;Lorg/springframework/beans/factory/support/RootBeanDefinition;Lorg/springframework/beans/BeanWrapper;)V+289
j  org.springframework.beans.factory.support.AbstractAutowireCapableBeanFactory.doCreateBean(Ljava/lang/String;Lorg/springframework/beans/factory/support/RootBeanDefinition;[Ljava/lang/Object;)Ljava/lang/Object;+237
j  org.springframework.beans.factory.support.AbstractAutowireCapableBeanFactory.createBean(Ljava/lang/String;Lorg/springframework/beans/factory/support/RootBeanDefinition;[Ljava/lang/Object;)Ljava/lang/Object;+169
j  org.springframework.beans.factory.support.AbstractBeanFactory.lambda$doGetBean$0(Ljava/lang/String;Lorg/springframework/beans/factory/support/RootBeanDefinition;[Ljava/lang/Object;)Ljava/lang/Object;+4
j  org.springframework.beans.factory.support.AbstractBeanFactory$$Lambda$170.getObject()Ljava/lang/Object;+16
j  org.springframework.beans.factory.support.DefaultSingletonBeanRegistry.getSingleton(Ljava/lang/String;Lorg/springframework/beans/factory/ObjectFactory;)Ljava/lang/Object;+132
J 2157 C1 org.springframework.beans.factory.support.AbstractBeanFactory.doGetBean(Ljava/lang/String;Ljava/lang/Class;[Ljava/lang/Object;Z)Ljava/lang/Object; (874 bytes) @ 0x0000000002db65d4 [0x0000000002db60e0+0x4f4]
j  org.springframework.beans.factory.support.AbstractBeanFactory.getBean(Ljava/lang/String;)Ljava/lang/Object;+5
j  org.springframework.beans.factory.config.DependencyDescriptor.resolveCandidate(Ljava/lang/String;Ljava/lang/Class;Lorg/springframework/beans/factory/BeanFactory;)Ljava/lang/Object;+2
j  org.springframework.beans.factory.support.DefaultListableBeanFactory.doResolveDependency(Lorg/springframework/beans/factory/config/DependencyDescriptor;Ljava/lang/String;Ljava/util/Set;Lorg/springframework/beans/TypeConverter;)Ljava/lang/Object;+440
j  org.springframework.beans.factory.support.DefaultListableBeanFactory.resolveDependency(Lorg/springframework/beans/factory/config/DependencyDescriptor;Ljava/lang/String;Ljava/util/Set;Lorg/springframework/beans/TypeConverter;)Ljava/lang/Object;+108
j  org.springframework.beans.factory.support.ConstructorResolver.resolveAutowiredArgument(Lorg/springframework/core/MethodParameter;Ljava/lang/String;Ljava/util/Set;Lorg/springframework/beans/TypeConverter;Z)Ljava/lang/Object;+79
j  org.springframework.beans.factory.support.ConstructorResolver.createArgumentArray(Ljava/lang/String;Lorg/springframework/beans/factory/support/RootBeanDefinition;Lorg/springframework/beans/factory/config/ConstructorArgumentValues;Lorg/springframework/beans/BeanWrapper;[Ljava/lang/Class;[Ljava/lang/String;Ljava/lang/reflect/Executable;ZZ)Lorg/springframework/beans/factory/support/ConstructorResolver$ArgumentsHolder;+434
j  org.springframework.beans.factory.support.ConstructorResolver.instantiateUsingFactoryMethod(Ljava/lang/String;Lorg/springframework/beans/factory/support/RootBeanDefinition;[Ljava/lang/Object;)Lorg/springframework/beans/BeanWrapper;+736
j  org.springframework.beans.factory.support.AbstractAutowireCapableBeanFactory.instantiateUsingFactoryMethod(Ljava/lang/String;Lorg/springframework/beans/factory/support/RootBeanDefinition;[Ljava/lang/Object;)Lorg/springframework/beans/BeanWrapper;+11
j  org.springframework.beans.factory.support.AbstractAutowireCapableBeanFactory.createBeanInstance(Ljava/lang/String;Lorg/springframework/beans/factory/support/RootBeanDefinition;[Ljava/lang/Object;)Lorg/springframework/beans/BeanWrapper;+101
j  org.springframework.beans.factory.support.AbstractAutowireCapableBeanFactory.doCreateBean(Ljava/lang/String;Lorg/springframework/beans/factory/support/RootBeanDefinition;[Ljava/lang/Object;)Ljava/lang/Object;+34
j  org.springframework.beans.factory.support.AbstractAutowireCapableBeanFactory.createBean(Ljava/lang/String;Lorg/springframework/beans/factory/support/RootBeanDefinition;[Ljava/lang/Object;)Ljava/lang/Object;+169
j  org.springframework.beans.factory.support.AbstractBeanFactory.lambda$doGetBean$0(Ljava/lang/String;Lorg/springframework/beans/factory/support/RootBeanDefinition;[Ljava/lang/Object;)Ljava/lang/Object;+4
j  org.springframework.beans.factory.support.AbstractBeanFactory$$Lambda$170.getObject()Ljava/lang/Object;+16
j  org.springframework.beans.factory.support.DefaultSingletonBeanRegistry.getSingleton(Ljava/lang/String;Lorg/springframework/beans/factory/ObjectFactory;)Ljava/lang/Object;+132
J 2157 C1 org.springframework.beans.factory.support.AbstractBeanFactory.doGetBean(Ljava/lang/String;Ljava/lang/Class;[Ljava/lang/Object;Z)Ljava/lang/Object; (874 bytes) @ 0x0000000002db65d4 [0x0000000002db60e0+0x4f4]
j  org.springframework.beans.factory.support.AbstractBeanFactory.getBean(Ljava/lang/String;)Ljava/lang/Object;+5
j  org.springframework.beans.factory.config.DependencyDescriptor.resolveCandidate(Ljava/lang/String;Ljava/lang/Class;Lorg/springframework/beans/factory/BeanFactory;)Ljava/lang/Object;+2
j  org.springframework.beans.factory.support.DefaultListableBeanFactory.doResolveDependency(Lorg/springframework/beans/factory/config/DependencyDescriptor;Ljava/lang/String;Ljava/util/Set;Lorg/springframework/beans/TypeConverter;)Ljava/lang/Object;+440
j  org.springframework.beans.factory.support.DefaultListableBeanFactory.resolveDependency(Lorg/springframework/beans/factory/config/DependencyDescriptor;Ljava/lang/String;Ljava/util/Set;Lorg/springframework/beans/TypeConverter;)Ljava/lang/Object;+108
j  org.springframework.beans.factory.support.ConstructorResolver.resolveAutowiredArgument(Lorg/springframework/core/MethodParameter;Ljava/lang/String;Ljava/util/Set;Lorg/springframework/beans/TypeConverter;Z)Ljava/lang/Object;+79
j  org.springframework.beans.factory.support.ConstructorResolver.createArgumentArray(Ljava/lang/String;Lorg/springframework/beans/factory/support/RootBeanDefinition;Lorg/springframework/beans/factory/config/ConstructorArgumentValues;Lorg/springframework/beans/BeanWrapper;[Ljava/lang/Class;[Ljava/lang/String;Ljava/lang/reflect/Executable;ZZ)Lorg/springframework/beans/factory/support/ConstructorResolver$ArgumentsHolder;+434
j  org.springframework.beans.factory.support.ConstructorResolver.instantiateUsingFactoryMethod(Ljava/lang/String;Lorg/springframework/beans/factory/support/RootBeanDefinition;[Ljava/lang/Object;)Lorg/springframework/beans/BeanWrapper;+736
j  org.springframework.beans.factory.support.AbstractAutowireCapableBeanFactory.instantiateUsingFactoryMethod(Ljava/lang/String;Lorg/springframework/beans/factory/support/RootBeanDefinition;[Ljava/lang/Object;)Lorg/springframework/beans/BeanWrapper;+11
j  org.springframework.beans.factory.support.AbstractAutowireCapableBeanFactory.createBeanInstance(Ljava/lang/String;Lorg/springframework/beans/factory/support/RootBeanDefinition;[Ljava/lang/Object;)Lorg/springframework/beans/BeanWrapper;+101
j  org.springframework.beans.factory.support.AbstractAutowireCapableBeanFactory.doCreateBean(Ljava/lang/String;Lorg/springframework/beans/factory/support/RootBeanDefinition;[Ljava/lang/Object;)Ljava/lang/Object;+34
j  org.springframework.beans.factory.support.AbstractAutowireCapableBeanFactory.createBean(Ljava/lang/String;Lorg/springframework/beans/factory/support/RootBeanDefinition;[Ljava/lang/Object;)Ljava/lang/Object;+169
j  org.springframework.beans.factory.support.AbstractBeanFactory.lambda$doGetBean$0(Ljava/lang/String;Lorg/springframework/beans/factory/support/RootBeanDefinition;[Ljava/lang/Object;)Ljava/lang/Object;+4
j  org.springframework.beans.factory.support.AbstractBeanFactory$$Lambda$170.getObject()Ljava/lang/Object;+16
j  org.springframework.beans.factory.support.DefaultSingletonBeanRegistry.getSingleton(Ljava/lang/String;Lorg/springframework/beans/factory/ObjectFactory;)Ljava/lang/Object;+132
J 2157 C1 org.springframework.beans.factory.support.AbstractBeanFactory.doGetBean(Ljava/lang/String;Ljava/lang/Class;[Ljava/lang/Object;Z)Ljava/lang/Object; (874 bytes) @ 0x0000000002db65d4 [0x0000000002db60e0+0x4f4]
J 1786 C1 org.springframework.beans.factory.support.AbstractBeanFactory.getBean(Ljava/lang/String;Ljava/lang/Class;)Ljava/lang/Object; (9 bytes) @ 0x0000000002d1dce4 [0x0000000002d1dca0+0x44]
j  org.springframework.aop.framework.autoproxy.BeanFactoryAdvisorRetrievalHelper.findAdvisorBeans()Ljava/util/List;+148
j  org.springframework.aop.framework.autoproxy.AbstractAdvisorAutoProxyCreator.findCandidateAdvisors()Ljava/util/List;+21
j  org.springframework.aop.framework.autoproxy.AbstractAdvisorAutoProxyCreator.findEligibleAdvisors(Ljava/lang/Class;Ljava/lang/String;)Ljava/util/List;+1
j  org.springframework.aop.framework.autoproxy.AbstractAdvisorAutoProxyCreator.getAdvicesAndAdvisorsForBean(Ljava/lang/Class;Ljava/lang/String;Lorg/springframework/aop/TargetSource;)[Ljava/lang/Object;+3
j  org.springframework.aop.framework.autoproxy.AbstractAutoProxyCreator.wrapIfNecessary(Ljava/lang/Object;Ljava/lang/String;Ljava/lang/Object;)Ljava/lang/Object;+89
j  org.springframework.aop.framework.autoproxy.AbstractAutoProxyCreator.postProcessAfterInitialization(Ljava/lang/Object;Ljava/lang/String;)Ljava/lang/Object;+32
j  org.springframework.beans.factory.support.AbstractAutowireCapableBeanFactory.applyBeanPostProcessorsAfterInitialization(Ljava/lang/Object;Ljava/lang/String;)Ljava/lang/Object;+39
j  org.springframework.beans.factory.support.AbstractAutowireCapableBeanFactory.initializeBean(Ljava/lang/String;Ljava/lang/Object;Lorg/springframework/beans/factory/support/RootBeanDefinition;)Ljava/lang/Object;+108
j  org.springframework.beans.factory.support.AbstractAutowireCapableBeanFactory.doCreateBean(Ljava/lang/String;Lorg/springframework/beans/factory/support/RootBeanDefinition;[Ljava/lang/Object;)Ljava/lang/Object;+245
j  org.springframework.beans.factory.support.AbstractAutowireCapableBeanFactory.createBean(Ljava/lang/String;Lorg/springframework/beans/factory/support/RootBeanDefinition;[Ljava/lang/Object;)Ljava/lang/Object;+169
j  org.springframework.beans.factory.support.AbstractBeanFactory.lambda$doGetBean$0(Ljava/lang/String;Lorg/springframework/beans/factory/support/RootBeanDefinition;[Ljava/lang/Object;)Ljava/lang/Object;+4
j  org.springframework.beans.factory.support.AbstractBeanFactory$$Lambda$170.getObject()Ljava/lang/Object;+16
j  org.springframework.beans.factory.support.DefaultSingletonBeanRegistry.getSingleton(Ljava/lang/String;Lorg/springframework/beans/factory/ObjectFactory;)Ljava/lang/Object;+132
J 2157 C1 org.springframework.beans.factory.support.AbstractBeanFactory.doGetBean(Ljava/lang/String;Ljava/lang/Class;[Ljava/lang/Object;Z)Ljava/lang/Object; (874 bytes) @ 0x0000000002db65d4 [0x0000000002db60e0+0x4f4]
j  org.springframework.beans.factory.support.AbstractBeanFactory.getBean(Ljava/lang/String;)Ljava/lang/Object;+5
j  org.springframework.beans.factory.support.ConstructorResolver.instantiateUsingFactoryMethod(Ljava/lang/String;Lorg/springframework/beans/factory/support/RootBeanDefinition;[Ljava/lang/Object;)Lorg/springframework/beans/BeanWrapper;+59
j  org.springframework.beans.factory.support.AbstractAutowireCapableBeanFactory.instantiateUsingFactoryMethod(Ljava/lang/String;Lorg/springframework/beans/factory/support/RootBeanDefinition;[Ljava/lang/Object;)Lorg/springframework/beans/BeanWrapper;+11
j  org.springframework.beans.factory.support.AbstractAutowireCapableBeanFactory.createBeanInstance(Ljava/lang/String;Lorg/springframework/beans/factory/support/RootBeanDefinition;[Ljava/lang/Object;)Lorg/springframework/beans/BeanWrapper;+101
j  org.springframework.beans.factory.support.AbstractAutowireCapableBeanFactory.doCreateBean(Ljava/lang/String;Lorg/springframework/beans/factory/support/RootBeanDefinition;[Ljava/lang/Object;)Ljava/lang/Object;+34
j  org.springframework.beans.factory.support.AbstractAutowireCapableBeanFactory.createBean(Ljava/lang/String;Lorg/springframework/beans/factory/support/RootBeanDefinition;[Ljava/lang/Object;)Ljava/lang/Object;+169
j  org.springframework.beans.factory.support.AbstractBeanFactory.lambda$doGetBean$0(Ljava/lang/String;Lorg/springframework/beans/factory/support/RootBeanDefinition;[Ljava/lang/Object;)Ljava/lang/Object;+4
j  org.springframework.beans.factory.support.AbstractBeanFactory$$Lambda$170.getObject()Ljava/lang/Object;+16
j  org.springframework.beans.factory.support.DefaultSingletonBeanRegistry.getSingleton(Ljava/lang/String;Lorg/springframework/beans/factory/ObjectFactory;)Ljava/lang/Object;+132
J 2157 C1 org.springframework.beans.factory.support.AbstractBeanFactory.doGetBean(Ljava/lang/String;Ljava/lang/Class;[Ljava/lang/Object;Z)Ljava/lang/Object; (874 bytes) @ 0x0000000002db65d4 [0x0000000002db60e0+0x4f4]
J 1786 C1 org.springframework.beans.factory.support.AbstractBeanFactory.getBean(Ljava/lang/String;Ljava/lang/Class;)Ljava/lang/Object; (9 bytes) @ 0x0000000002d1dce4 [0x0000000002d1dca0+0x44]
j  org.springframework.aop.framework.autoproxy.BeanFactoryAdvisorRetrievalHelper.findAdvisorBeans()Ljava/util/List;+148
j  org.springframework.aop.framework.autoproxy.AbstractAdvisorAutoProxyCreator.findCandidateAdvisors()Ljava/util/List;+21
j  org.springframework.aop.framework.autoproxy.AbstractAdvisorAutoProxyCreator.findEligibleAdvisors(Ljava/lang/Class;Ljava/lang/String;)Ljava/util/List;+1
j  org.springframework.aop.framework.autoproxy.AbstractAdvisorAutoProxyCreator.getAdvicesAndAdvisorsForBean(Ljava/lang/Class;Ljava/lang/String;Lorg/springframework/aop/TargetSource;)[Ljava/lang/Object;+3
j  org.springframework.aop.framework.autoproxy.AbstractAutoProxyCreator.wrapIfNecessary(Ljava/lang/Object;Ljava/lang/String;Ljava/lang/Object;)Ljava/lang/Object;+89
j  org.springframework.aop.framework.autoproxy.AbstractAutoProxyCreator.postProcessAfterInitialization(Ljava/lang/Object;Ljava/lang/String;)Ljava/lang/Object;+32
j  org.springframework.beans.factory.support.AbstractAutowireCapableBeanFactory.applyBeanPostProcessorsAfterInitialization(Ljava/lang/Object;Ljava/lang/String;)Ljava/lang/Object;+39
j  org.springframework.beans.factory.support.AbstractAutowireCapableBeanFactory.initializeBean(Ljava/lang/String;Ljava/lang/Object;Lorg/springframework/beans/factory/support/RootBeanDefinition;)Ljava/lang/Object;+108
j  org.springframework.beans.factory.support.AbstractAutowireCapableBeanFactory.doCreateBean(Ljava/lang/String;Lorg/springframework/beans/factory/support/RootBeanDefinition;[Ljava/lang/Object;)Ljava/lang/Object;+245
j  org.springframework.beans.factory.support.AbstractAutowireCapableBeanFactory.createBean(Ljava/lang/String;Lorg/springframework/beans/factory/support/RootBeanDefinition;[Ljava/lang/Object;)Ljava/lang/Object;+169
j  org.springframework.beans.factory.support.AbstractBeanFactory.lambda$doGetBean$0(Ljava/lang/String;Lorg/springframework/beans/factory/support/RootBeanDefinition;[Ljava/lang/Object;)Ljava/lang/Object;+4
j  org.springframework.beans.factory.support.AbstractBeanFactory$$Lambda$170.getObject()Ljava/lang/Object;+16
j  org.springframework.beans.factory.support.DefaultSingletonBeanRegistry.getSingleton(Ljava/lang/String;Lorg/springframework/beans/factory/ObjectFactory;)Ljava/lang/Object;+132
J 2157 C1 org.springframework.beans.factory.support.AbstractBeanFactory.doGetBean(Ljava/lang/String;Ljava/lang/Class;[Ljava/lang/Object;Z)Ljava/lang/Object; (874 bytes) @ 0x0000000002db65d4 [0x0000000002db60e0+0x4f4]
j  org.springframework.beans.factory.support.AbstractBeanFactory.getBean(Ljava/lang/String;)Ljava/lang/Object;+5
j  org.springframework.beans.factory.support.ConstructorResolver.instantiateUsingFactoryMethod(Ljava/lang/String;Lorg/springframework/beans/factory/support/RootBeanDefinition;[Ljava/lang/Object;)Lorg/springframework/beans/BeanWrapper;+59
j  org.springframework.beans.factory.support.AbstractAutowireCapableBeanFactory.instantiateUsingFactoryMethod(Ljava/lang/String;Lorg/springframework/beans/factory/support/RootBeanDefinition;[Ljava/lang/Object;)Lorg/springframework/beans/BeanWrapper;+11
j  org.springframework.beans.factory.support.AbstractAutowireCapableBeanFactory.createBeanInstance(Ljava/lang/String;Lorg/springframework/beans/factory/support/RootBeanDefinition;[Ljava/lang/Object;)Lorg/springframework/beans/BeanWrapper;+101
j  org.springframework.beans.factory.support.AbstractAutowireCapableBeanFactory.doCreateBean(Ljava/lang/String;Lorg/springframework/beans/factory/support/RootBeanDefinition;[Ljava/lang/Object;)Ljava/lang/Object;+34
j  org.springframework.beans.factory.support.AbstractAutowireCapableBeanFactory.createBean(Ljava/lang/String;Lorg/springframework/beans/factory/support/RootBeanDefinition;[Ljava/lang/Object;)Ljava/lang/Object;+169
j  org.springframework.beans.factory.support.AbstractBeanFactory.lambda$doGetBean$0(Ljava/lang/String;Lorg/springframework/beans/factory/support/RootBeanDefinition;[Ljava/lang/Object;)Ljava/lang/Object;+4
j  org.springframework.beans.factory.support.AbstractBeanFactory$$Lambda$170.getObject()Ljava/lang/Object;+16
j  org.springframework.beans.factory.support.DefaultSingletonBeanRegistry.getSingleton(Ljava/lang/String;Lorg/springframework/beans/factory/ObjectFactory;)Ljava/lang/Object;+132
J 2157 C1 org.springframework.beans.factory.support.AbstractBeanFactory.doGetBean(Ljava/lang/String;Ljava/lang/Class;[Ljava/lang/Object;Z)Ljava/lang/Object; (874 bytes) @ 0x0000000002db65d4 [0x0000000002db60e0+0x4f4]
J 1786 C1 org.springframework.beans.factory.support.AbstractBeanFactory.getBean(Ljava/lang/String;Ljava/lang/Class;)Ljava/lang/Object; (9 bytes) @ 0x0000000002d1dce4 [0x0000000002d1dca0+0x44]
j  org.springframework.context.support.PostProcessorRegistrationDelegate.registerBeanPostProcessors(Lorg/springframework/beans/factory/config/ConfigurableListableBeanFactory;Lorg/springframework/context/support/AbstractApplicationContext;)V+369
j  org.springframework.context.support.AbstractApplicationContext.registerBeanPostProcessors(Lorg/springframework/beans/factory/config/ConfigurableListableBeanFactory;)V+2
j  org.springframework.context.support.AbstractApplicationContext.refresh()V+33
j  org.springframework.boot.web.servlet.context.ServletWebServerApplicationContext.refresh()V+1
j  org.springframework.boot.SpringApplication.refresh(Lorg/springframework/context/ConfigurableApplicationContext;)V+1
j  org.springframework.boot.SpringApplication.refresh(Lorg/springframework/context/ApplicationContext;)V+11
j  org.springframework.boot.SpringApplication.refreshContext(Lorg/springframework/context/ConfigurableApplicationContext;)V+19
j  org.springframework.boot.SpringApplication.run([Ljava/lang/String;)Lorg/springframework/context/ConfigurableApplicationContext;+118
j  org.springframework.boot.SpringApplication.run([Ljava/lang/Class;[Ljava/lang/String;)Lorg/springframework/context/ConfigurableApplicationContext;+9
j  org.springframework.boot.SpringApplication.run(Ljava/lang/Class;[Ljava/lang/String;)Lorg/springframework/context/ConfigurableApplicationContext;+9
j  com.woniu.ProjectApplication.main([Ljava/lang/String;)V+3
v  ~StubRoutines::call_stub

---------------  P R O C E S S  ---------------

Java Threads: ( => current thread )
  0x00000000171c7000 JavaThread "RMI Scheduler(0)" daemon [_thread_blocked, id=8496, stack(0x00000000188a0000,0x00000000189a0000)]
  0x0000000017198800 JavaThread "RMI TCP Connection(1)-192.168.60.33" daemon [_thread_in_native, id=3904, stack(0x0000000018490000,0x0000000018590000)]
  0x0000000016f26000 JavaThread "RMI TCP Accept-0" daemon [_thread_in_native, id=9632, stack(0x00000000182a0000,0x00000000183a0000)]
  0x0000000016d73000 JavaThread "Service Thread" daemon [_thread_blocked, id=9680, stack(0x0000000016180000,0x0000000016280000)]
  0x0000000016d6e000 JavaThread "C1 CompilerThread2" daemon [_thread_blocked, id=8668, stack(0x0000000017520000,0x0000000017620000)]
  0x0000000016d6c800 JavaThread "C2 CompilerThread1" daemon [_thread_blocked, id=5600, stack(0x0000000017a10000,0x0000000017b10000)]
  0x0000000016d6b800 JavaThread "C2 CompilerThread0" daemon [_thread_blocked, id=7188, stack(0x0000000017810000,0x0000000017910000)]
  0x0000000016d2b000 JavaThread "Monitor Ctrl-Break" daemon [_thread_in_native, id=6268, stack(0x0000000017620000,0x0000000017720000)]
  0x00000000167bb000 JavaThread "Attach Listener" daemon [_thread_blocked, id=8608, stack(0x00000000165b0000,0x00000000166b0000)]
  0x000000001524f000 JavaThread "Signal Dispatcher" daemon [_thread_blocked, id=10144, stack(0x0000000016bb0000,0x0000000016cb0000)]
  0x000000001522e800 JavaThread "Finalizer" daemon [_thread_blocked, id=1292, stack(0x00000000166b0000,0x00000000167b0000)]
  0x00000000151e7800 JavaThread "Reference Handler" daemon [_thread_blocked, id=9968, stack(0x0000000016470000,0x0000000016570000)]
=>0x00000000025ad800 JavaThread "main" [_thread_in_vm, id=8020, stack(0x0000000002710000,0x0000000002810000)]

Other Threads:
  0x00000000151e0000 VMThread [stack: 0x0000000016290000,0x0000000016390000] [id=9536]
  0x0000000016f70000 WatcherThread [stack: 0x0000000017b10000,0x0000000017c10000] [id=2940]

VM state:not at safepoint (normal execution)

VM Mutex/Monitor currently owned by a thread:  ([mutex/lock_event])
[0x00000000025ea990] SystemDictionary_lock - owner thread: 0x00000000025ad800
[0x00000000025ebc10] Compile_lock - owner thread: 0x00000000025ad800

Heap:
 PSYoungGen      total 117760K, used 1931K [0x00000000eb400000, 0x00000000f4000000, 0x0000000100000000)
  eden space 110592K, 1% used [0x00000000eb400000,0x00000000eb5e2e10,0x00000000f2000000)
  from space 7168K, 0% used [0x00000000f3200000,0x00000000f3200000,0x00000000f3900000)
  to   space 6656K, 0% used [0x00000000f3980000,0x00000000f3980000,0x00000000f4000000)
 ParOldGen       total 33280K, used 8776K [0x00000000c1c00000, 0x00000000c3c80000, 0x00000000eb400000)
  object space 33280K, 26% used [0x00000000c1c00000,0x00000000c2492248,0x00000000c3c80000)
 Metaspace       used 24659K, capacity 25880K, committed 26112K, reserved 1071104K
  class space    used 3304K, capacity 3576K, committed 3584K, reserved 1048576K

Card table byte_map: [0x0000000011d20000,0x0000000011f20000] byte_map_base: 0x0000000011712000

Marking Bits: (ParMarkBitMap*) 0x0000000052fc0600
 Begin Bits: [0x0000000012730000, 0x00000000136c0000)
 End Bits:   [0x00000000136c0000, 0x0000000014650000)

Polling page: 0x0000000000430000

CodeCache: size=245760Kb used=5246Kb max_used=5246Kb free=240513Kb
 bounds [0x0000000002960000, 0x0000000002e80000, 0x0000000011960000]
 total_blobs=2990 nmethods=2588 adapters=314
 compilation: enabled

Compilation events (10 events):
Event: 4.615 Thread 0x0000000016d6e000 nmethod 2583 0x0000000002e7e050 code [0x0000000002e7e1a0, 0x0000000002e7e310]
Event: 4.617 Thread 0x0000000016d6e000 2585       1       java.lang.invoke.LambdaForm$Name::lastUseIndex (36 bytes)
Event: 4.617 Thread 0x0000000016d6e000 nmethod 2585 0x0000000002e7e590 code [0x0000000002e7e6e0, 0x0000000002e7e870]
Event: 4.617 Thread 0x0000000016d6e000 2586       1       jdk.internal.org.objectweb.asm.ByteVector::put11 (52 bytes)
Event: 4.617 Thread 0x0000000016d6e000 nmethod 2586 0x0000000002e7e950 code [0x0000000002e7eac0, 0x0000000002e7ec88]
Event: 4.618 Thread 0x0000000016d6e000 2587   !   1       java.lang.invoke.LambdaForm::compileToBytecode (103 bytes)
Event: 4.618 Thread 0x0000000016d6e000 nmethod 2587 0x0000000002e7edd0 code [0x0000000002e7efa0, 0x0000000002e7f458]
Event: 4.619 Thread 0x0000000016d6e000 2588       1       java.lang.invoke.LambdaForm$Name::useCount (42 bytes)
Event: 4.619 Thread 0x0000000016d6e000 nmethod 2588 0x0000000002e7f850 code [0x0000000002e7f9a0, 0x0000000002e7fb10]
Event: 4.619 Thread 0x0000000016d6e000 2589       1       jdk.internal.org.objectweb.asm.ClassWriter::addType (103 bytes)

GC Heap History (10 events):
Event: 3.422 GC heap before
{Heap before GC invocations=7 (full 0):
 PSYoungGen      total 71680K, used 18766K [0x00000000eb400000, 0x00000000f0200000, 0x0000000100000000)
  eden space 65024K, 19% used [0x00000000eb400000,0x00000000ec088080,0x00000000ef380000)
  from space 6656K, 89% used [0x00000000efa80000,0x00000000f004bb20,0x00000000f0100000)
  to   space 7168K, 0% used [0x00000000ef380000,0x00000000ef380000,0x00000000efa80000)
 ParOldGen       total 44032K, used 9126K [0x00000000c1c00000, 0x00000000c4700000, 0x00000000eb400000)
  object space 44032K, 20% used [0x00000000c1c00000,0x00000000c24e9a70,0x00000000c4700000)
 Metaspace       used 20334K, capacity 21170K, committed 21296K, reserved 1067008K
  class space    used 2647K, capacity 2879K, committed 2944K, reserved 1048576K
Event: 3.430 GC heap after
Heap after GC invocations=7 (full 0):
 PSYoungGen      total 72192K, used 3981K [0x00000000eb400000, 0x00000000f4000000, 0x0000000100000000)
  eden space 65024K, 0% used [0x00000000eb400000,0x00000000eb400000,0x00000000ef380000)
  from space 7168K, 55% used [0x00000000ef380000,0x00000000ef763540,0x00000000efa80000)
  to   space 6656K, 0% used [0x00000000f3980000,0x00000000f3980000,0x00000000f4000000)
 ParOldGen       total 44032K, used 10430K [0x00000000c1c00000, 0x00000000c4700000, 0x00000000eb400000)
  object space 44032K, 23% used [0x00000000c1c00000,0x00000000c262fbc0,0x00000000c4700000)
 Metaspace       used 20334K, capacity 21170K, committed 21296K, reserved 1067008K
  class space    used 2647K, capacity 2879K, committed 2944K, reserved 1048576K
}
Event: 3.430 GC heap before
{Heap before GC invocations=8 (full 1):
 PSYoungGen      total 72192K, used 3981K [0x00000000eb400000, 0x00000000f4000000, 0x0000000100000000)
  eden space 65024K, 0% used [0x00000000eb400000,0x00000000eb400000,0x00000000ef380000)
  from space 7168K, 55% used [0x00000000ef380000,0x00000000ef763540,0x00000000efa80000)
  to   space 6656K, 0% used [0x00000000f3980000,0x00000000f3980000,0x00000000f4000000)
 ParOldGen       total 44032K, used 10430K [0x00000000c1c00000, 0x00000000c4700000, 0x00000000eb400000)
  object space 44032K, 23% used [0x00000000c1c00000,0x00000000c262fbc0,0x00000000c4700000)
 Metaspace       used 20334K, capacity 21170K, committed 21296K, reserved 1067008K
  class space    used 2647K, capacity 2879K, committed 2944K, reserved 1048576K
Event: 3.476 GC heap after
Heap after GC invocations=8 (full 1):
 PSYoungGen      total 72192K, used 0K [0x00000000eb400000, 0x00000000f4000000, 0x0000000100000000)
  eden space 65024K, 0% used [0x00000000eb400000,0x00000000eb400000,0x00000000ef380000)
  from space 7168K, 0% used [0x00000000ef380000,0x00000000ef380000,0x00000000efa80000)
  to   space 6656K, 0% used [0x00000000f3980000,0x00000000f3980000,0x00000000f4000000)
 ParOldGen       total 33280K, used 8343K [0x00000000c1c00000, 0x00000000c3c80000, 0x00000000eb400000)
  object space 33280K, 25% used [0x00000000c1c00000,0x00000000c2425f70,0x00000000c3c80000)
 Metaspace       used 20331K, capacity 21166K, committed 21296K, reserved 1067008K
  class space    used 2646K, capacity 2877K, committed 2944K, reserved 1048576K
}
Event: 4.231 GC heap before
{Heap before GC invocations=9 (full 1):
 PSYoungGen      total 72192K, used 65024K [0x00000000eb400000, 0x00000000f4000000, 0x0000000100000000)
  eden space 65024K, 100% used [0x00000000eb400000,0x00000000ef380000,0x00000000ef380000)
  from space 7168K, 0% used [0x00000000ef380000,0x00000000ef380000,0x00000000efa80000)
  to   space 6656K, 0% used [0x00000000f3980000,0x00000000f3980000,0x00000000f4000000)
 ParOldGen       total 33280K, used 8343K [0x00000000c1c00000, 0x00000000c3c80000, 0x00000000eb400000)
  object space 33280K, 25% used [0x00000000c1c00000,0x00000000c2425f70,0x00000000c3c80000)
 Metaspace       used 23937K, capacity 25060K, committed 25216K, reserved 1071104K
  class space    used 3178K, capacity 3416K, committed 3456K, reserved 1048576K
Event: 4.246 GC heap after
Heap after GC invocations=9 (full 1):
 PSYoungGen      total 117248K, used 6167K [0x00000000eb400000, 0x00000000f4000000, 0x0000000100000000)
  eden space 110592K, 0% used [0x00000000eb400000,0x00000000eb400000,0x00000000f2000000)
  from space 6656K, 92% used [0x00000000f3980000,0x00000000f3f85c78,0x00000000f4000000)
  to   space 7168K, 0% used [0x00000000f3200000,0x00000000f3200000,0x00000000f3900000)
 ParOldGen       total 33280K, used 8351K [0x00000000c1c00000, 0x00000000c3c80000, 0x00000000eb400000)
  object space 33280K, 25% used [0x00000000c1c00000,0x00000000c2427f70,0x00000000c3c80000)
 Metaspace       used 23937K, capacity 25060K, committed 25216K, reserved 1071104K
  class space    used 3178K, capacity 3416K, committed 3456K, reserved 1048576K
}
Event: 4.552 GC heap before
{Heap before GC invocations=10 (full 1):
 PSYoungGen      total 117248K, used 17839K [0x00000000eb400000, 0x00000000f4000000, 0x0000000100000000)
  eden space 110592K, 10% used [0x00000000eb400000,0x00000000ebf66038,0x00000000f2000000)
  from space 6656K, 92% used [0x00000000f3980000,0x00000000f3f85c78,0x00000000f4000000)
  to   space 7168K, 0% used [0x00000000f3200000,0x00000000f3200000,0x00000000f3900000)
 ParOldGen       total 33280K, used 8351K [0x00000000c1c00000, 0x00000000c3c80000, 0x00000000eb400000)
  object space 33280K, 25% used [0x00000000c1c00000,0x00000000c2427f70,0x00000000c3c80000)
 Metaspace       used 24634K, capacity 25790K, committed 25856K, reserved 1071104K
  class space    used 3296K, capacity 3567K, committed 3584K, reserved 1048576K
Event: 4.558 GC heap after
Heap after GC invocations=10 (full 1):
 PSYoungGen      total 117760K, used 3210K [0x00000000eb400000, 0x00000000f4000000, 0x0000000100000000)
  eden space 110592K, 0% used [0x00000000eb400000,0x00000000eb400000,0x00000000f2000000)
  from space 7168K, 44% used [0x00000000f3200000,0x00000000f3522810,0x00000000f3900000)
  to   space 6656K, 0% used [0x00000000f3980000,0x00000000f3980000,0x00000000f4000000)
 ParOldGen       total 33280K, used 8359K [0x00000000c1c00000, 0x00000000c3c80000, 0x00000000eb400000)
  object space 33280K, 25% used [0x00000000c1c00000,0x00000000c2429f70,0x00000000c3c80000)
 Metaspace       used 24634K, capacity 25790K, committed 25856K, reserved 1071104K
  class space    used 3296K, capacity 3567K, committed 3584K, reserved 1048576K
}
Event: 4.558 GC heap before
{Heap before GC invocations=11 (full 2):
 PSYoungGen      total 117760K, used 3210K [0x00000000eb400000, 0x00000000f4000000, 0x0000000100000000)
  eden space 110592K, 0% used [0x00000000eb400000,0x00000000eb400000,0x00000000f2000000)
  from space 7168K, 44% used [0x00000000f3200000,0x00000000f3522810,0x00000000f3900000)
  to   space 6656K, 0% used [0x00000000f3980000,0x00000000f3980000,0x00000000f4000000)
 ParOldGen       total 33280K, used 8359K [0x00000000c1c00000, 0x00000000c3c80000, 0x00000000eb400000)
  object space 33280K, 25% used [0x00000000c1c00000,0x00000000c2429f70,0x00000000c3c80000)
 Metaspace       used 24634K, capacity 25790K, committed 25856K, reserved 1071104K
  class space    used 3296K, capacity 3567K, committed 3584K, reserved 1048576K
Event: 4.615 GC heap after
Heap after GC invocations=11 (full 2):
 PSYoungGen      total 117760K, used 0K [0x00000000eb400000, 0x00000000f4000000, 0x0000000100000000)
  eden space 110592K, 0% used [0x00000000eb400000,0x00000000eb400000,0x00000000f2000000)
  from space 7168K, 0% used [0x00000000f3200000,0x00000000f3200000,0x00000000f3900000)
  to   space 6656K, 0% used [0x00000000f3980000,0x00000000f3980000,0x00000000f4000000)
 ParOldGen       total 33280K, used 8776K [0x00000000c1c00000, 0x00000000c3c80000, 0x00000000eb400000)
  object space 33280K, 26% used [0x00000000c1c00000,0x00000000c2492248,0x00000000c3c80000)
 Metaspace       used 24634K, capacity 25790K, committed 25856K, reserved 1071104K
  class space    used 3296K, capacity 3567K, committed 3584K, reserved 1048576K
}

Deoptimization events (0 events):
No events

Internal exceptions (10 events):
Event: 4.353 Thread 0x00000000025ad800 Exception <a 'java/lang/ArrayIndexOutOfBoundsException'> (0x00000000ebc1ee80) thrown at [C:\re\workspace\8-2-build-windows-amd64-cygwin\jdk8u74\6087\hotspot\src\share\vm\runtime\sharedRuntime.cpp, line 605]
Event: 4.353 Thread 0x00000000025ad800 Exception <a 'java/lang/ArrayIndexOutOfBoundsException'> (0x00000000ebc207a0) thrown at [C:\re\workspace\8-2-build-windows-amd64-cygwin\jdk8u74\6087\hotspot\src\share\vm\runtime\sharedRuntime.cpp, line 605]
Event: 4.353 Thread 0x00000000025ad800 Exception <a 'java/lang/ArrayIndexOutOfBoundsException'> (0x00000000ebc22910) thrown at [C:\re\workspace\8-2-build-windows-amd64-cygwin\jdk8u74\6087\hotspot\src\share\vm\runtime\sharedRuntime.cpp, line 605]
Event: 4.353 Thread 0x00000000025ad800 Exception <a 'java/lang/ArrayIndexOutOfBoundsException'> (0x00000000ebc24430) thrown at [C:\re\workspace\8-2-build-windows-amd64-cygwin\jdk8u74\6087\hotspot\src\share\vm\runtime\sharedRuntime.cpp, line 605]
Event: 4.356 Thread 0x00000000025ad800 Exception <a 'java/lang/ClassNotFoundException': org/springframework/beans/factory/FactoryBeanCustomizer> (0x00000000ebc68058) thrown at [C:\re\workspace\8-2-build-windows-amd64-cygwin\jdk8u74\6087\hotspot\src\share\vm\classfile\systemDictionary.cpp, line ?Ml@
Event: 4.356 Thread 0x00000000025ad800 Exception <a 'java/lang/ArrayIndexOutOfBoundsException'> (0x00000000ebc69120) thrown at [C:\re\workspace\8-2-build-windows-amd64-cygwin\jdk8u74\6087\hotspot\src\share\vm\runtime\sharedRuntime.cpp, line 605]
Event: 4.356 Thread 0x00000000025ad800 Exception <a 'java/lang/ArrayIndexOutOfBoundsException'> (0x00000000ebc6adb0) thrown at [C:\re\workspace\8-2-build-windows-amd64-cygwin\jdk8u74\6087\hotspot\src\share\vm\runtime\sharedRuntime.cpp, line 605]
Event: 4.357 Thread 0x00000000025ad800 Exception <a 'java/lang/ClassNotFoundException': org/springframework/beans/factory/InitializingBeanCustomizer> (0x00000000ebc8c638) thrown at [C:\re\workspace\8-2-build-windows-amd64-cygwin\jdk8u74\6087\hotspot\src\share\vm\classfile\systemDictionary.cpp, 54o@
Event: 4.359 Thread 0x00000000025ad800 Exception <a 'java/lang/ArrayIndexOutOfBoundsException'> (0x00000000ebcc0708) thrown at [C:\re\workspace\8-2-build-windows-amd64-cygwin\jdk8u74\6087\hotspot\src\share\vm\runtime\sharedRuntime.cpp, line 605]
Event: 4.359 Thread 0x00000000025ad800 Exception <a 'java/lang/ArrayIndexOutOfBoundsException'> (0x00000000ebcc2a80) thrown at [C:\re\workspace\8-2-build-windows-amd64-cygwin\jdk8u74\6087\hotspot\src\share\vm\runtime\sharedRuntime.cpp, line 605]

Events (10 events):
Event: 4.549 loading class java/lang/invoke/MethodHandleImpl$ArrayAccessor$1
Event: 4.550 loading class java/lang/invoke/MethodHandleImpl$ArrayAccessor$1 done
Event: 4.551 loading class java/lang/invoke/DirectMethodHandle$EnsureInitialized
Event: 4.551 Executing VM operation: CollectForMetadataAllocation
Event: 4.615 Executing VM operation: CollectForMetadataAllocation done
Event: 4.616 loading class java/lang/invoke/DirectMethodHandle$EnsureInitialized done
Event: 4.616 loading class sun/invoke/util/ValueConversions$WrapperCache
Event: 4.616 loading class sun/invoke/util/ValueConversions$WrapperCache done
Event: 4.619 loading class java/lang/invoke/MethodHandleImpl$WrappedMember
Event: 4.619 loading class java/lang/invoke/MethodHandleImpl$WrappedMember done


Dynamic libraries:
0x000000013ffd0000 - 0x0000000140007000 	D:\java\JDK1.8.0_74_x64\bin\java.exe
0x0000000077720000 - 0x00000000778bf000 	C:\Windows\SYSTEM32\ntdll.dll
0x0000000077040000 - 0x000000007715f000 	C:\Windows\system32\kernel32.dll
0x000007fefdd00000 - 0x000007fefdd67000 	C:\Windows\system32\KERNELBASE.dll
0x000007fefe910000 - 0x000007fefe9eb000 	C:\Windows\system32\ADVAPI32.dll
0x000007fefe500000 - 0x000007fefe59f000 	C:\Windows\system32\msvcrt.dll
0x000007fefe300000 - 0x000007fefe31f000 	C:\Windows\SYSTEM32\sechost.dll
0x000007fefea40000 - 0x000007fefeb6c000 	C:\Windows\system32\RPCRT4.dll
0x0000000077620000 - 0x000000007771a000 	C:\Windows\system32\USER32.dll
0x000007fefe720000 - 0x000007fefe787000 	C:\Windows\system32\GDI32.dll
0x000007fefe0f0000 - 0x000007fefe0fe000 	C:\Windows\system32\LPK.dll
0x000007feff910000 - 0x000007feff9db000 	C:\Windows\system32\USP10.dll
0x000007fefc490000 - 0x000007fefc685000 	C:\Windows\WinSxS\amd64_microsoft.windows.common-controls_6595b64144ccf1df_6.0.7601.24483_none_e372d88f30fbb845\COMCTL32.dll
0x000007fefe600000 - 0x000007fefe671000 	C:\Windows\system32\SHLWAPI.dll
0x000007feff9e0000 - 0x000007feffa0e000 	C:\Windows\system32\IMM32.DLL
0x000007fefdf40000 - 0x000007fefe04b000 	C:\Windows\system32\MSCTF.dll
0x0000000067010000 - 0x00000000670e2000 	D:\java\JDK1.8.0_74_x64\jre\bin\msvcr100.dll
0x00000000527b0000 - 0x0000000053040000 	D:\java\JDK1.8.0_74_x64\jre\bin\server\jvm.dll
0x000007fefa950000 - 0x000007fefa959000 	C:\Windows\system32\WSOCK32.dll
0x000007fefe9f0000 - 0x000007fefea3d000 	C:\Windows\system32\WS2_32.dll
0x000007feff900000 - 0x000007feff908000 	C:\Windows\system32\NSI.dll
0x000007fefa8d0000 - 0x000007fefa90b000 	C:\Windows\system32\WINMM.dll
0x000007fefcc60000 - 0x000007fefcc6c000 	C:\Windows\system32\VERSION.dll
0x00000000778c0000 - 0x00000000778c7000 	C:\Windows\system32\PSAPI.DLL
0x000000006cc70000 - 0x000000006cc7f000 	D:\java\JDK1.8.0_74_x64\jre\bin\verify.dll
0x000000006cab0000 - 0x000000006cad9000 	D:\java\JDK1.8.0_74_x64\jre\bin\java.dll
0x000000006ca60000 - 0x000000006ca83000 	D:\java\JDK1.8.0_74_x64\jre\bin\instrument.dll
0x000000006ca90000 - 0x000000006caa6000 	D:\java\JDK1.8.0_74_x64\jre\bin\zip.dll
0x000007fefeb70000 - 0x000007feff8fb000 	C:\Windows\system32\SHELL32.dll
0x000007fefe100000 - 0x000007fefe2ff000 	C:\Windows\system32\ole32.dll
0x000007fefdb70000 - 0x000007fefdb7f000 	C:\Windows\system32\profapi.dll
0x000007fef3e80000 - 0x000007fef3e9a000 	D:\idea\IDEA\IntelliJ IDEA 2019.1.3\bin\breakgen64.dll
0x00000000668f0000 - 0x000000006690a000 	D:\java\JDK1.8.0_74_x64\jre\bin\net.dll
0x000007fefd390000 - 0x000007fefd3e5000 	C:\Windows\system32\mswsock.dll
0x000007fefd380000 - 0x000007fefd387000 	C:\Windows\System32\wship6.dll
0x000007fefcd30000 - 0x000007fefcd37000 	C:\Windows\System32\wshtcpip.dll
0x000007fefd210000 - 0x000007fefd26b000 	C:\Windows\system32\DNSAPI.dll
0x00000000726c0000 - 0x00000000726f5000 	C:\Program Files\Bonjour\mdnsNSP.dll
0x000007fefb560000 - 0x000007fefb587000 	C:\Windows\system32\Iphlpapi.DLL
0x000007fefb540000 - 0x000007fefb54b000 	C:\Windows\system32\WINNSI.DLL
0x000007fef7480000 - 0x000007fef7488000 	C:\Windows\system32\rasadhlp.dll
0x000007fefb3d0000 - 0x000007fefb423000 	C:\Windows\System32\fwpuclnt.dll
0x000000006ca50000 - 0x000000006ca5d000 	D:\java\JDK1.8.0_74_x64\jre\bin\management.dll
0x0000000053ec0000 - 0x0000000053ed1000 	D:\java\JDK1.8.0_74_x64\jre\bin\nio.dll
0x000007fefd3f0000 - 0x000007fefd408000 	C:\Windows\system32\CRYPTSP.dll
0x000007fefd0f0000 - 0x000007fefd137000 	C:\Windows\system32\rsaenh.dll
0x000007fefcec0000 - 0x000007fefcede000 	C:\Windows\system32\USERENV.dll
0x000007fefdaa0000 - 0x000007fefdaaf000 	C:\Windows\system32\CRYPTBASE.dll
0x000007fefb350000 - 0x000007fefb368000 	C:\Windows\system32\dhcpcsvc.DLL
0x000007fefb330000 - 0x000007fefb341000 	C:\Windows\system32\dhcpcsvc6.DLL
0x000007fefb7a0000 - 0x000007fefb7b5000 	C:\Windows\system32\NLAapi.dll
0x000007fef71b0000 - 0x000007fef71c5000 	C:\Windows\system32\napinsp.dll
0x000007fef70f0000 - 0x000007fef7109000 	C:\Windows\system32\pnrpnsp.dll
0x000007fef70e0000 - 0x000007fef70eb000 	C:\Windows\System32\winrnr.dll
0x000007fef70c0000 - 0x000007fef70d0000 	C:\Windows\system32\wshbth.dll

VM Arguments:
jvm_args: -XX:TieredStopAtLevel=1 -Xverify:none -Dspring.output.ansi.enabled=always -Dcom.sun.management.jmxremote -Dspring.jmx.enabled=true -Dspring.liveBeansView.mbeanDomain -Dspring.application.admin.enabled=true -javaagent:D:\idea\IDEA\IntelliJ IDEA 2019.1.3\lib\idea_rt.jar=52672:D:\idea\IDEA\IntelliJ IDEA 2019.1.3\bin -Dfile.encoding=UTF-8 
java_command: com.woniu.ProjectApplication
java_class_path (initial): D:\java\JDK1.8.0_74_x64\jre\lib\charsets.jar;D:\java\JDK1.8.0_74_x64\jre\lib\deploy.jar;D:\java\JDK1.8.0_74_x64\jre\lib\ext\access-bridge-64.jar;D:\java\JDK1.8.0_74_x64\jre\lib\ext\cldrdata.jar;D:\java\JDK1.8.0_74_x64\jre\lib\ext\dnsns.jar;D:\java\JDK1.8.0_74_x64\jre\lib\ext\jaccess.jar;D:\java\JDK1.8.0_74_x64\jre\lib\ext\jfxrt.jar;D:\java\JDK1.8.0_74_x64\jre\lib\ext\localedata.jar;D:\java\JDK1.8.0_74_x64\jre\lib\ext\nashorn.jar;D:\java\JDK1.8.0_74_x64\jre\lib\ext\sunec.jar;D:\java\JDK1.8.0_74_x64\jre\lib\ext\sunjce_provider.jar;D:\java\JDK1.8.0_74_x64\jre\lib\ext\sunmscapi.jar;D:\java\JDK1.8.0_74_x64\jre\lib\ext\sunpkcs11.jar;D:\java\JDK1.8.0_74_x64\jre\lib\ext\zipfs.jar;D:\java\JDK1.8.0_74_x64\jre\lib\javaws.jar;D:\java\JDK1.8.0_74_x64\jre\lib\jce.jar;D:\java\JDK1.8.0_74_x64\jre\lib\jfr.jar;D:\java\JDK1.8.0_74_x64\jre\lib\jfxswt.jar;D:\java\JDK1.8.0_74_x64\jre\lib\jsse.jar;D:\java\JDK1.8.0_74_x64\jre\lib\management-agent.jar;D:\java\JDK1.8.0_74_x64\jre\lib\plugin.jar;D:\java\JDK1.8.0_74_x64\jre\lib\resources.jar;D:\java\JDK1.8.0_74_x64\jre\lib\rt.jar;D:\idea\work\IdeaProjects\project\target\classes;D:\maven\repository\org\springframework\boot\spring-boot-starter-data-redis\2.3.7.RELEASE\spring-boot-starter-data-redis-2.3.7.RELEASE.jar;D:\maven\repository\org\springframework\boot\spring-boot-starter\2.3.7.RELEASE\spring-boot-starter-2.3.7.RELEASE.jar;D:\maven\repository\org\springframework\boot\spring-boot\2.3.7.RELEASE\spring-boot-2.3.7.RELEASE.jar;D:\maven\repository\org\springframework\boot\spring-boot-starter-logging\2.3.7.RELEASE\spring-boot-starter-logging-2.3.7.RELEASE.jar;D:\maven\repository\ch\qos\logback\logback-classic\1.2.3\logback-classic-1.2.3.jar;D:\maven\repository\ch\qos\logback\logback-core\1.2.3\logback-core-1.2.3.jar;D:\maven\repository\org\apache\logging\log4j\log4j-to-slf4j\2.13.3\log4j-to-slf4j-2.13.3.jar;D:\maven\repository\org\apache\logging\log4j\log4j-api\2.13.3\log4j-api-2.13.3.jar;D:\maven\repository\org\slf
Launcher Type: SUN_STANDARD

Environment Variables:
JAVA_HOME=D:\java\JDK1.8.0_74_x64
PATH=C:\Windows\system32;C:\Windows;C:\Windows\System32\Wbem;C:\Windows\System32\WindowsPowerShell\v1.0\;D:\Windows-D\Win7;%JAVA_HOME;\bin;D:\java\mysql\mysql-5.6.44-winx64\bin;C:\Program Files\TortoiseSVN\bin;D:\nodejs\;D:\git\Git\cmd;C:\Program Files\TortoiseGit\bin;D:\maven\apache-maven-3.6.0\bin;C:\Users\Administrator\AppData\Roaming\npm
USERNAME=Administrator
OS=Windows_NT
PROCESSOR_IDENTIFIER=Intel64 Family 6 Model 42 Stepping 7, GenuineIntel



---------------  S Y S T E M  ---------------

OS: Windows 7 , 64 bit Build 7601 (6.1.7601.24524)

CPU:total 4 (2 cores per cpu, 2 threads per core) family 6 model 42 stepping 7, cmov, cx8, fxsr, mmx, sse, sse2, sse3, ssse3, sse4.1, sse4.2, popcnt, avx, aes, clmul, ht, tsc, tscinvbit

Memory: 4k page, physical 4077808k(950992k free), swap 6173060k(4304k free)

vm_info: Java HotSpot(TM) 64-Bit Server VM (25.74-b02) for windows-amd64 JRE (1.8.0_74-b02), built on Jan 29 2016 17:42:36 by "java_re" with MS VC++ 10.0 (VS2010)

time: Wed Dec 23 14:53:55 2020
elapsed time: 4 seconds (0d 0h 0m 4s)

